


ARM Macro Assembler    Page 1 


    1 00000000         ;/******************************************************
                       ********************//**
    2 00000000         ; * @file     startup_LPC17xx.s
    3 00000000         ; * @brief    CMSIS Cortex-M3 Core Device Startup File f
                       or
    4 00000000         ; *           NXP LPC17xx Device Series
    5 00000000         ; * @version  V1.10
    6 00000000         ; * @date     06. April 2011
    7 00000000         ; *
    8 00000000         ; * @note
    9 00000000         ; * Copyright (C) 2009-2011 ARM Limited. All rights rese
                       rved.
   10 00000000         ; *
   11 00000000         ; * @par
   12 00000000         ; * ARM Limited (ARM) is supplying this software for use
                        with Cortex-M
   13 00000000         ; * processor based microcontrollers.  This file can be 
                       freely distributed
   14 00000000         ; * within development tools that are supporting such AR
                       M based processors.
   15 00000000         ; *
   16 00000000         ; * @par
   17 00000000         ; * THIS SOFTWARE IS PROVIDED "AS IS".  NO WARRANTIES, W
                       HETHER EXPRESS, IMPLIED
   18 00000000         ; * OR STATUTORY, INCLUDING, BUT NOT LIMITED TO, IMPLIED
                        WARRANTIES OF
   19 00000000         ; * MERCHANTABILITY AND FITNESS FOR A PARTICULAR PURPOSE
                        APPLY TO THIS SOFTWARE.
   20 00000000         ; * ARM SHALL NOT, IN ANY CIRCUMSTANCES, BE LIABLE FOR S
                       PECIAL, INCIDENTAL, OR
   21 00000000         ; * CONSEQUENTIAL DAMAGES, FOR ANY REASON WHATSOEVER.
   22 00000000         ; *
   23 00000000         ; ******************************************************
                       ************************/
   24 00000000         
   25 00000000         ; *------- <<< Use Configuration Wizard in Context Menu 
                       >>> ------------------
   26 00000000         
   27 00000000         ; <h> Stack Configuration
   28 00000000         ;   <o> Stack Size (in Bytes) <0x0-0xFFFFFFFF:8>
   29 00000000         ; </h>
   30 00000000         
   31 00000000 00000200 
                       Stack_Size
                               EQU              0x00000200
   32 00000000         
   33 00000000                 AREA             STACK, NOINIT, READWRITE, ALIGN
=3
   34 00000000         Stack_Mem
                               SPACE            Stack_Size/2
   35 00000100         Stack_Proc
                               SPACE            Stack_Size/2
   36 00000200         __initial_sp
   37 00000200         
   38 00000200         
   39 00000200         ; <h> Heap Configuration
   40 00000200         ;   <o>  Heap Size (in Bytes) <0x0-0xFFFFFFFF:8>
   41 00000200         ; </h>
   42 00000200         



ARM Macro Assembler    Page 2 


   43 00000200 00000000 
                       Heap_Size
                               EQU              0x00000000
   44 00000200         
   45 00000200                 AREA             HEAP, NOINIT, READWRITE, ALIGN=
3
   46 00000000         __heap_base
   47 00000000         Heap_Mem
                               SPACE            Heap_Size
   48 00000000         __heap_limit
   49 00000000         
   50 00000000         
   51 00000000                 PRESERVE8
   52 00000000                 THUMB
   53 00000000         
   54 00000000         
   55 00000000         ; Vector Table Mapped to Address 0 at Reset
   56 00000000         
   57 00000000                 AREA             RESET, DATA, READONLY
   58 00000000                 EXPORT           __Vectors
   59 00000000         
   60 00000000 00000000 
                       __Vectors
                               DCD              __initial_sp ; Top of Stack
   61 00000004 00000000        DCD              Reset_Handler ; Reset Handler
   62 00000008 00000000        DCD              NMI_Handler ; NMI Handler
   63 0000000C 00000000        DCD              HardFault_Handler ; Hard Fault 
                                                            Handler
   64 00000010 00000000        DCD              MemManage_Handler 
                                                            ; MPU Fault Handler
                                                            
   65 00000014 00000000        DCD              BusFault_Handler 
                                                            ; Bus Fault Handler
                                                            
   66 00000018 00000000        DCD              UsageFault_Handler ; Usage Faul
                                                            t Handler
   67 0000001C 00000000        DCD              0           ; Reserved
   68 00000020 00000000        DCD              0           ; Reserved
   69 00000024 00000000        DCD              0           ; Reserved
   70 00000028 00000000        DCD              0           ; Reserved
   71 0000002C 00000000        DCD              SVC_Handler ; SVCall Handler
   72 00000030 00000000        DCD              DebugMon_Handler ; Debug Monito
                                                            r Handler
   73 00000034 00000000        DCD              0           ; Reserved
   74 00000038 00000000        DCD              PendSV_Handler ; PendSV Handler
                                                            
   75 0000003C 00000000        DCD              SysTick_Handler 
                                                            ; SysTick Handler
   76 00000040         
   77 00000040         ; External Interrupts
   78 00000040 00000000        DCD              WDT_IRQHandler ; 16: Watchdog T
                                                            imer
   79 00000044 00000000        DCD              TIMER0_IRQHandler ; 17: Timer0
   80 00000048 00000000        DCD              TIMER1_IRQHandler ; 18: Timer1
   81 0000004C 00000000        DCD              TIMER2_IRQHandler ; 19: Timer2
   82 00000050 00000000        DCD              TIMER3_IRQHandler ; 20: Timer3
   83 00000054 00000000        DCD              UART0_IRQHandler ; 21: UART0
   84 00000058 00000000        DCD              UART1_IRQHandler ; 22: UART1
   85 0000005C 00000000        DCD              UART2_IRQHandler ; 23: UART2



ARM Macro Assembler    Page 3 


   86 00000060 00000000        DCD              UART3_IRQHandler ; 24: UART3
   87 00000064 00000000        DCD              PWM1_IRQHandler ; 25: PWM1
   88 00000068 00000000        DCD              I2C0_IRQHandler ; 26: I2C0
   89 0000006C 00000000        DCD              I2C1_IRQHandler ; 27: I2C1
   90 00000070 00000000        DCD              I2C2_IRQHandler ; 28: I2C2
   91 00000074 00000000        DCD              SPI_IRQHandler ; 29: SPI
   92 00000078 00000000        DCD              SSP0_IRQHandler ; 30: SSP0
   93 0000007C 00000000        DCD              SSP1_IRQHandler ; 31: SSP1
   94 00000080 00000000        DCD              PLL0_IRQHandler ; 32: PLL0 Lock
                                                             (Main PLL)
   95 00000084 00000000        DCD              RTC_IRQHandler ; 33: Real Time 
                                                            Clock
   96 00000088 00000000        DCD              EINT0_IRQHandler ; 34: External
                                                             Interrupt 0
   97 0000008C 00000000        DCD              EINT1_IRQHandler ; 35: External
                                                             Interrupt 1
   98 00000090 00000000        DCD              EINT2_IRQHandler ; 36: External
                                                             Interrupt 2
   99 00000094 00000000        DCD              EINT3_IRQHandler ; 37: External
                                                             Interrupt 3
  100 00000098 00000000        DCD              ADC_IRQHandler 
                                                            ; 38: A/D Converter
                                                            
  101 0000009C 00000000        DCD              BOD_IRQHandler ; 39: Brown-Out 
                                                            Detect
  102 000000A0 00000000        DCD              USB_IRQHandler ; 40: USB
  103 000000A4 00000000        DCD              CAN_IRQHandler ; 41: CAN
  104 000000A8 00000000        DCD              DMA_IRQHandler ; 42: General Pu
                                                            rpose DMA
  105 000000AC 00000000        DCD              I2S_IRQHandler ; 43: I2S
  106 000000B0 00000000        DCD              ENET_IRQHandler ; 44: Ethernet
  107 000000B4 00000000        DCD              RIT_IRQHandler ; 45: Repetitive
                                                             Interrupt Timer
  108 000000B8 00000000        DCD              MCPWM_IRQHandler ; 46: Motor Co
                                                            ntrol PWM
  109 000000BC 00000000        DCD              QEI_IRQHandler ; 47: Quadrature
                                                             Encoder Interface
  110 000000C0 00000000        DCD              PLL1_IRQHandler ; 48: PLL1 Lock
                                                             (USB PLL)
  111 000000C4 00000000        DCD              USBActivity_IRQHandler ; 49: US
                                                            B Activity interrup
                                                            t to wakeup
  112 000000C8 00000000        DCD              CANActivity_IRQHandler ; 50: CA
                                                            N Activity interrup
                                                            t to wakeup
  113 000000CC         
  114 000000CC         
  115 000000CC                 IF               :LNOT::DEF:NO_CRP
  116 000000CC                 AREA             |.ARM.__at_0x02FC|, CODE, READO
NLY
  117 00000000 FFFFFFFF 
                       CRP_Key DCD              0xFFFFFFFF
  118 00000004                 ENDIF
  119 00000004         
  120 00000004         
  121 00000004                 AREA             |.text|, CODE, READONLY
  122 00000000         
  123 00000000         ; Reset Handler
  124 00000000         



ARM Macro Assembler    Page 4 


  125 00000000         Reset_Handler
                               PROC
  126 00000000                 EXPORT           Reset_Handler             [WEAK
]
  127 00000000         
  128 00000000 F04F 0003       mov              r0, #0x3
  129 00000004 F380 8814       msr              control, r0
  130 00000008 F8DF D0B0       ldr              sp, =Stack_Proc
  131 0000000C         
  132 0000000C F7FF FFFE       bl               fill_regs
  133 00000010 DF00            svc              #0x00
  134 00000012 DF03            svc              #0x03
  135 00000014 DF07            svc              #0x07
  136 00000016         
  137 00000016 482A            ldr              r0, =(Stack_Proc-0x14)
  138 00000018 492A            ldr              r1, =(__initial_sp-0x14)
  139 0000001A DF0D            svc              #0x0d
  140 0000001C DF41            svc              #0x41
  141 0000001E         
  142 0000001E 4828            ldr              r0, =(Stack_Proc-0x14)
  143 00000020 4928            ldr              r1, =(__initial_sp-0x14)
  144 00000022 DF75            svc              #0x75
  145 00000024         
  146 00000024 E7FE            b                .
  147 00000026         
  148 00000026                 ENDP
  149 00000026         
  150 00000026         fill_regs
                               PROC
  151 00000026         
  152 00000026 F04F 000A       mov              r0, #0xa
  153 0000002A F04F 010B       mov              r1, #0xb
  154 0000002E F04F 020C       mov              r2, #0xc
  155 00000032 F04F 030A       mov              r3, #0xa
  156 00000036 F04F 040B       mov              r4, #0xb
  157 0000003A F04F 050C       mov              r5, #0xc
  158 0000003E F04F 060A       mov              r6, #0xa
  159 00000042 F04F 070B       mov              r7, #0xb
  160 00000046 4770            bx               lr
  161 00000048         
  162 00000048                 ENDP
  163 00000048         
  164 00000048         ; Dummy Exception Handlers (infinite loops which can be 
                       modified)
  165 00000048         
  166 00000048         NMI_Handler
                               PROC
  167 00000048                 EXPORT           NMI_Handler               [WEAK
]
  168 00000048 E7FE            B                .
  169 0000004A                 ENDP
  171 0000004A         HardFault_Handler
                               PROC
  172 0000004A                 EXPORT           HardFault_Handler         [WEAK
]
  173 0000004A E7FE            B                .
  174 0000004C                 ENDP
  176 0000004C         MemManage_Handler
                               PROC



ARM Macro Assembler    Page 5 


  177 0000004C                 EXPORT           MemManage_Handler         [WEAK
]
  178 0000004C E7FE            B                .
  179 0000004E                 ENDP
  181 0000004E         BusFault_Handler
                               PROC
  182 0000004E                 EXPORT           BusFault_Handler          [WEAK
]
  183 0000004E E7FE            B                .
  184 00000050                 ENDP
  186 00000050         UsageFault_Handler
                               PROC
  187 00000050                 EXPORT           UsageFault_Handler        [WEAK
]
  188 00000050 E7FE            B                .
  189 00000052                 ENDP
  190 00000052         SVC_Handler
                               PROC
  191 00000052                 EXPORT           SVC_Handler               [WEAK
]
  192 00000052         
  193 00000052 F3EF 8009       mrs              r0, psp     ; supposing it's ca
                                                            lled from a routine
                                                             with psp stack
  194 00000056 6981            ldr              r1, [r0, #0x18]
  195 00000058 F831 1C02       ldrh             r1, [r1, #-0x2]
  196 0000005C F001 01FF       and              r1, #0xff
  197 00000060         
  198 00000060 2907            cmp              r1, #0x07
  199 00000062 DC0D            bgt              no_rst_handler
  200 00000064         
  201 00000064         ; START OF RESET SERVICE ROUTINE (0x0 - 0x07)
  202 00000064 F04F 0200       mov              r2, #0x0    ; using as value to
                                                             save
  203 00000068         
  204 00000068 2903            cmp              r1, #0x3
  205 0000006A DC02            bgt              no_stack_regs
  206 0000006C         
  207 0000006C F840 2021       str              r2, [r0, r1, LSL #2] ; mem[r0 +
                                                             r1] = r2 => psp[r1
                                                            ] = r2
  208 00000070 E01E            b                ret_ctrl
  209 00000072         
  210 00000072 B4F0    no_stack_regs
                               stmfd            sp!, {r4-r7} ; using the stack 
                                                            in order to address
                                                             the correct reg by
                                                             r1
  211 00000074 F1A1 0104       sub              r1, #0x4    ; r1 -= 4: we want 
                                                            to have r4 as index
                                                             0 for the stack
  212 00000078 F84D 2021       str              r2, [sp, r1, LSL #2] 
                                                            ; mem[sp + r1] = r2
                                                            
  213 0000007C BCF0            ldmfd            sp!, {r4-r7} ; restoring regs v
                                                            alue except the mod
                                                            ified one
  214 0000007E E017            b                ret_ctrl
  215 00000080         



ARM Macro Assembler    Page 6 


  216 00000080 2910    no_rst_handler
                               cmp              r1, #0x10
  217 00000082 DB15            blt              ret_ctrl
  218 00000084 297F            cmp              r1, #0x7f
  219 00000086 DC13            bgt              ret_ctrl
  220 00000088         
  221 00000088         ; START OF MEMCMP SERVICE ROUTINE (0x40 - 0x7f)
  222 00000088 B430            stmfd            sp!, {r4-r5} ; saving to the ms
                                                            p r4 and r5
  223 0000008A         
  224 0000008A E890 000C       ldmfd            r0, {r2-r3}
  225 0000008E F001 013F       and              r1, #0x3f   ; taking first 6 ls
                                                            bs: number of bytes
                                                             to check
  226 00000092         
  227 00000092 F812 4B01 
                       loop_memcmp
                               ldrb             r4, [r2], #1
  228 00000096 F813 5B01       ldrb             r5, [r3], #1
  229 0000009A 42AC            cmp              r4, r5
  230 0000009C         
  231 0000009C BFC8 2101       movgt            r1, #0x1
  232 000000A0 BFB8 F04F 
              31FF             movlt            r1, #-0x1
  233 000000A6 D101            bne              save_ret
  234 000000A8         
  235 000000A8 3901            subs             r1, #0x1
  236 000000AA D1F2            bne              loop_memcmp
  237 000000AC         
  238 000000AC 6001    save_ret
                               str              r1, [r0]    ; mem[r0] = r1. Ret
                                                            urn r1 to the calle
                                                            r's r0
  239 000000AE BC30            ldmfd            sp!, {r4-r5}
  240 000000B0 4770    ret_ctrl
                               bx               lr
  241 000000B2         
  242 000000B2                 ENDP
  244 000000B2         DebugMon_Handler
                               PROC
  245 000000B2                 EXPORT           DebugMon_Handler          [WEAK
]
  246 000000B2 E7FE            B                .
  247 000000B4                 ENDP
  248 000000B4         PendSV_Handler
                               PROC
  249 000000B4                 EXPORT           PendSV_Handler            [WEAK
]
  250 000000B4 E7FE            B                .
  251 000000B6                 ENDP
  252 000000B6         SysTick_Handler
                               PROC
  253 000000B6                 EXPORT           SysTick_Handler           [WEAK
]
  254 000000B6 E7FE            B                .
  255 000000B8                 ENDP
  256 000000B8         
  257 000000B8         Default_Handler
                               PROC



ARM Macro Assembler    Page 7 


  258 000000B8         
  259 000000B8                 EXPORT           WDT_IRQHandler            [WEAK
]
  260 000000B8                 EXPORT           TIMER0_IRQHandler         [WEAK
]
  261 000000B8                 EXPORT           TIMER1_IRQHandler         [WEAK
]
  262 000000B8                 EXPORT           TIMER2_IRQHandler         [WEAK
]
  263 000000B8                 EXPORT           TIMER3_IRQHandler         [WEAK
]
  264 000000B8                 EXPORT           UART0_IRQHandler          [WEAK
]
  265 000000B8                 EXPORT           UART1_IRQHandler          [WEAK
]
  266 000000B8                 EXPORT           UART2_IRQHandler          [WEAK
]
  267 000000B8                 EXPORT           UART3_IRQHandler          [WEAK
]
  268 000000B8                 EXPORT           PWM1_IRQHandler           [WEAK
]
  269 000000B8                 EXPORT           I2C0_IRQHandler           [WEAK
]
  270 000000B8                 EXPORT           I2C1_IRQHandler           [WEAK
]
  271 000000B8                 EXPORT           I2C2_IRQHandler           [WEAK
]
  272 000000B8                 EXPORT           SPI_IRQHandler            [WEAK
]
  273 000000B8                 EXPORT           SSP0_IRQHandler           [WEAK
]
  274 000000B8                 EXPORT           SSP1_IRQHandler           [WEAK
]
  275 000000B8                 EXPORT           PLL0_IRQHandler           [WEAK
]
  276 000000B8                 EXPORT           RTC_IRQHandler            [WEAK
]
  277 000000B8                 EXPORT           EINT0_IRQHandler          [WEAK
]
  278 000000B8                 EXPORT           EINT1_IRQHandler          [WEAK
]
  279 000000B8                 EXPORT           EINT2_IRQHandler          [WEAK
]
  280 000000B8                 EXPORT           EINT3_IRQHandler          [WEAK
]
  281 000000B8                 EXPORT           ADC_IRQHandler            [WEAK
]
  282 000000B8                 EXPORT           BOD_IRQHandler            [WEAK
]
  283 000000B8                 EXPORT           USB_IRQHandler            [WEAK
]
  284 000000B8                 EXPORT           CAN_IRQHandler            [WEAK
]
  285 000000B8                 EXPORT           DMA_IRQHandler            [WEAK
]
  286 000000B8                 EXPORT           I2S_IRQHandler            [WEAK
]
  287 000000B8                 EXPORT           ENET_IRQHandler           [WEAK
]



ARM Macro Assembler    Page 8 


  288 000000B8                 EXPORT           RIT_IRQHandler            [WEAK
]
  289 000000B8                 EXPORT           MCPWM_IRQHandler          [WEAK
]
  290 000000B8                 EXPORT           QEI_IRQHandler            [WEAK
]
  291 000000B8                 EXPORT           PLL1_IRQHandler           [WEAK
]
  292 000000B8                 EXPORT           USBActivity_IRQHandler    [WEAK
]
  293 000000B8                 EXPORT           CANActivity_IRQHandler    [WEAK
]
  294 000000B8         
  295 000000B8         WDT_IRQHandler
  296 000000B8         TIMER0_IRQHandler
  297 000000B8         TIMER1_IRQHandler
  298 000000B8         TIMER2_IRQHandler
  299 000000B8         TIMER3_IRQHandler
  300 000000B8         UART0_IRQHandler
  301 000000B8         UART1_IRQHandler
  302 000000B8         UART2_IRQHandler
  303 000000B8         UART3_IRQHandler
  304 000000B8         PWM1_IRQHandler
  305 000000B8         I2C0_IRQHandler
  306 000000B8         I2C1_IRQHandler
  307 000000B8         I2C2_IRQHandler
  308 000000B8         SPI_IRQHandler
  309 000000B8         SSP0_IRQHandler
  310 000000B8         SSP1_IRQHandler
  311 000000B8         PLL0_IRQHandler
  312 000000B8         RTC_IRQHandler
  313 000000B8         EINT0_IRQHandler
  314 000000B8         EINT1_IRQHandler
  315 000000B8         EINT2_IRQHandler
  316 000000B8         EINT3_IRQHandler
  317 000000B8         ADC_IRQHandler
  318 000000B8         BOD_IRQHandler
  319 000000B8         USB_IRQHandler
  320 000000B8         CAN_IRQHandler
  321 000000B8         DMA_IRQHandler
  322 000000B8         I2S_IRQHandler
  323 000000B8         ENET_IRQHandler
  324 000000B8         RIT_IRQHandler
  325 000000B8         MCPWM_IRQHandler
  326 000000B8         QEI_IRQHandler
  327 000000B8         PLL1_IRQHandler
  328 000000B8         USBActivity_IRQHandler
  329 000000B8         CANActivity_IRQHandler
  330 000000B8         
  331 000000B8 E7FE            B                .
  332 000000BA         
  333 000000BA                 ENDP
  334 000000BA         
  335 000000BA         
  336 000000BA 00 00           ALIGN
  337 000000BC         
  338 000000BC         
  339 000000BC         ; User Initial Stack & Heap
  340 000000BC         



ARM Macro Assembler    Page 9 


  341 000000BC                 EXPORT           __initial_sp
  342 000000BC                 EXPORT           __heap_base
  343 000000BC                 EXPORT           __heap_limit
  344 000000BC         
  345 000000BC                 END
              00000000 
              FFFFFFEC 
              FFFFFFEC 
Command Line: --debug --xref --diag_suppress=9931 --cpu=Cortex-M3 --apcs=interw
ork --depend=.\startup.d -o.\startup.o -I.\RTE\_Target_1 -IC:\Users\gabri\AppDa
ta\Local\Arm\Packs\ARM\CMSIS\5.7.0\CMSIS\Core\Include -IC:\Users\gabri\AppData\
Local\Arm\Packs\Keil\LPC1700_DFP\2.6.0\Device\Include --predefine="__EVAL SETA 
1" --predefine="__UVISION_VERSION SETA 533" --predefine="_RTE_ SETA 1" --predef
ine="LPC175x_6x SETA 1" --predefine="_RTE_ SETA 1" --list=.\startup.lst startup
.s



ARM Macro Assembler    Page 1 Alphabetic symbol ordering
Relocatable symbols

STACK 00000000

Symbol: STACK
   Definitions
      At line 33 in file startup.s
   Uses
      None
Comment: STACK unused
Stack_Mem 00000000

Symbol: Stack_Mem
   Definitions
      At line 34 in file startup.s
   Uses
      None
Comment: Stack_Mem unused
Stack_Proc 00000100

Symbol: Stack_Proc
   Definitions
      At line 35 in file startup.s
   Uses
      At line 130 in file startup.s
      At line 137 in file startup.s
      At line 142 in file startup.s

__initial_sp 00000200

Symbol: __initial_sp
   Definitions
      At line 36 in file startup.s
   Uses
      At line 60 in file startup.s
      At line 138 in file startup.s
      At line 143 in file startup.s
      At line 341 in file startup.s

4 symbols



ARM Macro Assembler    Page 1 Alphabetic symbol ordering
Relocatable symbols

HEAP 00000000

Symbol: HEAP
   Definitions
      At line 45 in file startup.s
   Uses
      None
Comment: HEAP unused
Heap_Mem 00000000

Symbol: Heap_Mem
   Definitions
      At line 47 in file startup.s
   Uses
      None
Comment: Heap_Mem unused
__heap_base 00000000

Symbol: __heap_base
   Definitions
      At line 46 in file startup.s
   Uses
      At line 342 in file startup.s
Comment: __heap_base used once
__heap_limit 00000000

Symbol: __heap_limit
   Definitions
      At line 48 in file startup.s
   Uses
      At line 343 in file startup.s
Comment: __heap_limit used once
4 symbols



ARM Macro Assembler    Page 1 Alphabetic symbol ordering
Relocatable symbols

RESET 00000000

Symbol: RESET
   Definitions
      At line 57 in file startup.s
   Uses
      None
Comment: RESET unused
__Vectors 00000000

Symbol: __Vectors
   Definitions
      At line 60 in file startup.s
   Uses
      At line 58 in file startup.s
Comment: __Vectors used once
2 symbols



ARM Macro Assembler    Page 1 Alphabetic symbol ordering
Relocatable symbols

.ARM.__at_0x02FC 00000000

Symbol: .ARM.__at_0x02FC
   Definitions
      At line 116 in file startup.s
   Uses
      None
Comment: .ARM.__at_0x02FC unused
CRP_Key 00000000

Symbol: CRP_Key
   Definitions
      At line 117 in file startup.s
   Uses
      None
Comment: CRP_Key unused
2 symbols



ARM Macro Assembler    Page 1 Alphabetic symbol ordering
Relocatable symbols

.text 00000000

Symbol: .text
   Definitions
      At line 121 in file startup.s
   Uses
      None
Comment: .text unused
ADC_IRQHandler 000000B8

Symbol: ADC_IRQHandler
   Definitions
      At line 317 in file startup.s
   Uses
      At line 100 in file startup.s
      At line 281 in file startup.s

BOD_IRQHandler 000000B8

Symbol: BOD_IRQHandler
   Definitions
      At line 318 in file startup.s
   Uses
      At line 101 in file startup.s
      At line 282 in file startup.s

BusFault_Handler 0000004E

Symbol: BusFault_Handler
   Definitions
      At line 181 in file startup.s
   Uses
      At line 65 in file startup.s
      At line 182 in file startup.s

CANActivity_IRQHandler 000000B8

Symbol: CANActivity_IRQHandler
   Definitions
      At line 329 in file startup.s
   Uses
      At line 112 in file startup.s
      At line 293 in file startup.s

CAN_IRQHandler 000000B8

Symbol: CAN_IRQHandler
   Definitions
      At line 320 in file startup.s
   Uses
      At line 103 in file startup.s
      At line 284 in file startup.s

DMA_IRQHandler 000000B8

Symbol: DMA_IRQHandler
   Definitions
      At line 321 in file startup.s
   Uses



ARM Macro Assembler    Page 2 Alphabetic symbol ordering
Relocatable symbols

      At line 104 in file startup.s
      At line 285 in file startup.s

DebugMon_Handler 000000B2

Symbol: DebugMon_Handler
   Definitions
      At line 244 in file startup.s
   Uses
      At line 72 in file startup.s
      At line 245 in file startup.s

Default_Handler 000000B8

Symbol: Default_Handler
   Definitions
      At line 257 in file startup.s
   Uses
      None
Comment: Default_Handler unused
EINT0_IRQHandler 000000B8

Symbol: EINT0_IRQHandler
   Definitions
      At line 313 in file startup.s
   Uses
      At line 96 in file startup.s
      At line 277 in file startup.s

EINT1_IRQHandler 000000B8

Symbol: EINT1_IRQHandler
   Definitions
      At line 314 in file startup.s
   Uses
      At line 97 in file startup.s
      At line 278 in file startup.s

EINT2_IRQHandler 000000B8

Symbol: EINT2_IRQHandler
   Definitions
      At line 315 in file startup.s
   Uses
      At line 98 in file startup.s
      At line 279 in file startup.s

EINT3_IRQHandler 000000B8

Symbol: EINT3_IRQHandler
   Definitions
      At line 316 in file startup.s
   Uses
      At line 99 in file startup.s
      At line 280 in file startup.s

ENET_IRQHandler 000000B8

Symbol: ENET_IRQHandler



ARM Macro Assembler    Page 3 Alphabetic symbol ordering
Relocatable symbols

   Definitions
      At line 323 in file startup.s
   Uses
      At line 106 in file startup.s
      At line 287 in file startup.s

HardFault_Handler 0000004A

Symbol: HardFault_Handler
   Definitions
      At line 171 in file startup.s
   Uses
      At line 63 in file startup.s
      At line 172 in file startup.s

I2C0_IRQHandler 000000B8

Symbol: I2C0_IRQHandler
   Definitions
      At line 305 in file startup.s
   Uses
      At line 88 in file startup.s
      At line 269 in file startup.s

I2C1_IRQHandler 000000B8

Symbol: I2C1_IRQHandler
   Definitions
      At line 306 in file startup.s
   Uses
      At line 89 in file startup.s
      At line 270 in file startup.s

I2C2_IRQHandler 000000B8

Symbol: I2C2_IRQHandler
   Definitions
      At line 307 in file startup.s
   Uses
      At line 90 in file startup.s
      At line 271 in file startup.s

I2S_IRQHandler 000000B8

Symbol: I2S_IRQHandler
   Definitions
      At line 322 in file startup.s
   Uses
      At line 105 in file startup.s
      At line 286 in file startup.s

MCPWM_IRQHandler 000000B8

Symbol: MCPWM_IRQHandler
   Definitions
      At line 325 in file startup.s
   Uses
      At line 108 in file startup.s
      At line 289 in file startup.s



ARM Macro Assembler    Page 4 Alphabetic symbol ordering
Relocatable symbols


MemManage_Handler 0000004C

Symbol: MemManage_Handler
   Definitions
      At line 176 in file startup.s
   Uses
      At line 64 in file startup.s
      At line 177 in file startup.s

NMI_Handler 00000048

Symbol: NMI_Handler
   Definitions
      At line 166 in file startup.s
   Uses
      At line 62 in file startup.s
      At line 167 in file startup.s

PLL0_IRQHandler 000000B8

Symbol: PLL0_IRQHandler
   Definitions
      At line 311 in file startup.s
   Uses
      At line 94 in file startup.s
      At line 275 in file startup.s

PLL1_IRQHandler 000000B8

Symbol: PLL1_IRQHandler
   Definitions
      At line 327 in file startup.s
   Uses
      At line 110 in file startup.s
      At line 291 in file startup.s

PWM1_IRQHandler 000000B8

Symbol: PWM1_IRQHandler
   Definitions
      At line 304 in file startup.s
   Uses
      At line 87 in file startup.s
      At line 268 in file startup.s

PendSV_Handler 000000B4

Symbol: PendSV_Handler
   Definitions
      At line 248 in file startup.s
   Uses
      At line 74 in file startup.s
      At line 249 in file startup.s

QEI_IRQHandler 000000B8

Symbol: QEI_IRQHandler
   Definitions



ARM Macro Assembler    Page 5 Alphabetic symbol ordering
Relocatable symbols

      At line 326 in file startup.s
   Uses
      At line 109 in file startup.s
      At line 290 in file startup.s

RIT_IRQHandler 000000B8

Symbol: RIT_IRQHandler
   Definitions
      At line 324 in file startup.s
   Uses
      At line 107 in file startup.s
      At line 288 in file startup.s

RTC_IRQHandler 000000B8

Symbol: RTC_IRQHandler
   Definitions
      At line 312 in file startup.s
   Uses
      At line 95 in file startup.s
      At line 276 in file startup.s

Reset_Handler 00000000

Symbol: Reset_Handler
   Definitions
      At line 125 in file startup.s
   Uses
      At line 61 in file startup.s
      At line 126 in file startup.s

SPI_IRQHandler 000000B8

Symbol: SPI_IRQHandler
   Definitions
      At line 308 in file startup.s
   Uses
      At line 91 in file startup.s
      At line 272 in file startup.s

SSP0_IRQHandler 000000B8

Symbol: SSP0_IRQHandler
   Definitions
      At line 309 in file startup.s
   Uses
      At line 92 in file startup.s
      At line 273 in file startup.s

SSP1_IRQHandler 000000B8

Symbol: SSP1_IRQHandler
   Definitions
      At line 310 in file startup.s
   Uses
      At line 93 in file startup.s
      At line 274 in file startup.s




ARM Macro Assembler    Page 6 Alphabetic symbol ordering
Relocatable symbols

SVC_Handler 00000052

Symbol: SVC_Handler
   Definitions
      At line 190 in file startup.s
   Uses
      At line 71 in file startup.s
      At line 191 in file startup.s

SysTick_Handler 000000B6

Symbol: SysTick_Handler
   Definitions
      At line 252 in file startup.s
   Uses
      At line 75 in file startup.s
      At line 253 in file startup.s

TIMER0_IRQHandler 000000B8

Symbol: TIMER0_IRQHandler
   Definitions
      At line 296 in file startup.s
   Uses
      At line 79 in file startup.s
      At line 260 in file startup.s

TIMER1_IRQHandler 000000B8

Symbol: TIMER1_IRQHandler
   Definitions
      At line 297 in file startup.s
   Uses
      At line 80 in file startup.s
      At line 261 in file startup.s

TIMER2_IRQHandler 000000B8

Symbol: TIMER2_IRQHandler
   Definitions
      At line 298 in file startup.s
   Uses
      At line 81 in file startup.s
      At line 262 in file startup.s

TIMER3_IRQHandler 000000B8

Symbol: TIMER3_IRQHandler
   Definitions
      At line 299 in file startup.s
   Uses
      At line 82 in file startup.s
      At line 263 in file startup.s

UART0_IRQHandler 000000B8

Symbol: UART0_IRQHandler
   Definitions
      At line 300 in file startup.s



ARM Macro Assembler    Page 7 Alphabetic symbol ordering
Relocatable symbols

   Uses
      At line 83 in file startup.s
      At line 264 in file startup.s

UART1_IRQHandler 000000B8

Symbol: UART1_IRQHandler
   Definitions
      At line 301 in file startup.s
   Uses
      At line 84 in file startup.s
      At line 265 in file startup.s

UART2_IRQHandler 000000B8

Symbol: UART2_IRQHandler
   Definitions
      At line 302 in file startup.s
   Uses
      At line 85 in file startup.s
      At line 266 in file startup.s

UART3_IRQHandler 000000B8

Symbol: UART3_IRQHandler
   Definitions
      At line 303 in file startup.s
   Uses
      At line 86 in file startup.s
      At line 267 in file startup.s

USBActivity_IRQHandler 000000B8

Symbol: USBActivity_IRQHandler
   Definitions
      At line 328 in file startup.s
   Uses
      At line 111 in file startup.s
      At line 292 in file startup.s

USB_IRQHandler 000000B8

Symbol: USB_IRQHandler
   Definitions
      At line 319 in file startup.s
   Uses
      At line 102 in file startup.s
      At line 283 in file startup.s

UsageFault_Handler 00000050

Symbol: UsageFault_Handler
   Definitions
      At line 186 in file startup.s
   Uses
      At line 66 in file startup.s
      At line 187 in file startup.s

WDT_IRQHandler 000000B8



ARM Macro Assembler    Page 8 Alphabetic symbol ordering
Relocatable symbols


Symbol: WDT_IRQHandler
   Definitions
      At line 295 in file startup.s
   Uses
      At line 78 in file startup.s
      At line 259 in file startup.s

fill_regs 00000026

Symbol: fill_regs
   Definitions
      At line 150 in file startup.s
   Uses
      At line 132 in file startup.s
Comment: fill_regs used once
loop_memcmp 00000092

Symbol: loop_memcmp
   Definitions
      At line 227 in file startup.s
   Uses
      At line 236 in file startup.s
Comment: loop_memcmp used once
no_rst_handler 00000080

Symbol: no_rst_handler
   Definitions
      At line 216 in file startup.s
   Uses
      At line 199 in file startup.s
Comment: no_rst_handler used once
no_stack_regs 00000072

Symbol: no_stack_regs
   Definitions
      At line 210 in file startup.s
   Uses
      At line 205 in file startup.s
Comment: no_stack_regs used once
ret_ctrl 000000B0

Symbol: ret_ctrl
   Definitions
      At line 240 in file startup.s
   Uses
      At line 208 in file startup.s
      At line 214 in file startup.s
      At line 217 in file startup.s
      At line 219 in file startup.s

save_ret 000000AC

Symbol: save_ret
   Definitions
      At line 238 in file startup.s
   Uses
      At line 233 in file startup.s
Comment: save_ret used once



ARM Macro Assembler    Page 9 Alphabetic symbol ordering
Relocatable symbols

53 symbols



ARM Macro Assembler    Page 1 Alphabetic symbol ordering
Absolute symbols

Heap_Size 00000000

Symbol: Heap_Size
   Definitions
      At line 43 in file startup.s
   Uses
      At line 47 in file startup.s
Comment: Heap_Size used once
Stack_Size 00000200

Symbol: Stack_Size
   Definitions
      At line 31 in file startup.s
   Uses
      At line 34 in file startup.s
      At line 35 in file startup.s

2 symbols
405 symbols in table
