


ARM Macro Assembler    Page 1 


    1 00000000         ;/******************************************************
                       ********************//**
    2 00000000         ; * @file     startup_LPC17xx.s
    3 00000000         ; * @brief    CMSIS Cortex-M3 Core Device Startup File f
                       or
    4 00000000         ; *           NXP LPC17xx Device Series
    5 00000000         ; * @version  V1.10
    6 00000000         ; * @date     06. April 2011
    7 00000000         ; *
    8 00000000         ; * @note
    9 00000000         ; * Copyright (C) 2009-2011 ARM Limited. All rights rese
                       rved.
   10 00000000         ; *
   11 00000000         ; * @par
   12 00000000         ; * ARM Limited (ARM) is supplying this software for use
                        with Cortex-M
   13 00000000         ; * processor based microcontrollers.  This file can be 
                       freely distributed
   14 00000000         ; * within development tools that are supporting such AR
                       M based processors.
   15 00000000         ; *
   16 00000000         ; * @par
   17 00000000         ; * THIS SOFTWARE IS PROVIDED "AS IS".  NO WARRANTIES, W
                       HETHER EXPRESS, IMPLIED
   18 00000000         ; * OR STATUTORY, INCLUDING, BUT NOT LIMITED TO, IMPLIED
                        WARRANTIES OF
   19 00000000         ; * MERCHANTABILITY AND FITNESS FOR A PARTICULAR PURPOSE
                        APPLY TO THIS SOFTWARE.
   20 00000000         ; * ARM SHALL NOT, IN ANY CIRCUMSTANCES, BE LIABLE FOR S
                       PECIAL, INCIDENTAL, OR
   21 00000000         ; * CONSEQUENTIAL DAMAGES, FOR ANY REASON WHATSOEVER.
   22 00000000         ; *
   23 00000000         ; ******************************************************
                       ************************/
   24 00000000         
   25 00000000         ; *------- <<< Use Configuration Wizard in Context Menu 
                       >>> ------------------
   26 00000000         
   27 00000000         ; <h> Stack Configuration
   28 00000000         ;   <o> Stack Size (in Bytes) <0x0-0xFFFFFFFF:8>
   29 00000000         ; </h>
   30 00000000         
   31 00000000 00000200 
                       Stack_Size
                               EQU              0x00000200
   32 00000000         
   33 00000000                 AREA             STACK, NOINIT, READWRITE, ALIGN
=3
   34 00000000         Stack_Mem
                               SPACE            Stack_Size
   35 00000200         __initial_sp
   36 00000200         
   37 00000200         
   38 00000200         ; <h> Heap Configuration
   39 00000200         ;   <o>  Heap Size (in Bytes) <0x0-0xFFFFFFFF:8>
   40 00000200         ; </h>
   41 00000200         
   42 00000200 00000000 
                       Heap_Size



ARM Macro Assembler    Page 2 


                               EQU              0x00000000
   43 00000200         
   44 00000200                 AREA             HEAP, NOINIT, READWRITE, ALIGN=
3
   45 00000000         __heap_base
   46 00000000         Heap_Mem
                               SPACE            Heap_Size
   47 00000000         __heap_limit
   48 00000000         
   49 00000000         
   50 00000000                 PRESERVE8
   51 00000000                 THUMB
   52 00000000         
   53 00000000         
   54 00000000         ; Vector Table Mapped to Address 0 at Reset
   55 00000000         
   56 00000000                 AREA             RESET, DATA, READONLY
   57 00000000                 EXPORT           __Vectors
   58 00000000         
   59 00000000 00000000 
                       __Vectors
                               DCD              __initial_sp ; Top of Stack
   60 00000004 00000000        DCD              Reset_Handler ; Reset Handler
   61 00000008 00000000        DCD              NMI_Handler ; NMI Handler
   62 0000000C 00000000        DCD              HardFault_Handler ; Hard Fault 
                                                            Handler
   63 00000010 00000000        DCD              MemManage_Handler 
                                                            ; MPU Fault Handler
                                                            
   64 00000014 00000000        DCD              BusFault_Handler 
                                                            ; Bus Fault Handler
                                                            
   65 00000018 00000000        DCD              UsageFault_Handler ; Usage Faul
                                                            t Handler
   66 0000001C 00000000        DCD              0           ; Reserved
   67 00000020 00000000        DCD              0           ; Reserved
   68 00000024 00000000        DCD              0           ; Reserved
   69 00000028 00000000        DCD              0           ; Reserved
   70 0000002C 00000000        DCD              SVC_Handler ; SVCall Handler
   71 00000030 00000000        DCD              DebugMon_Handler ; Debug Monito
                                                            r Handler
   72 00000034 00000000        DCD              0           ; Reserved
   73 00000038 00000000        DCD              PendSV_Handler ; PendSV Handler
                                                            
   74 0000003C 00000000        DCD              SysTick_Handler 
                                                            ; SysTick Handler
   75 00000040         
   76 00000040         ; External Interrupts
   77 00000040 00000000        DCD              WDT_IRQHandler ; 16: Watchdog T
                                                            imer
   78 00000044 00000000        DCD              TIMER0_IRQHandler ; 17: Timer0
   79 00000048 00000000        DCD              TIMER1_IRQHandler ; 18: Timer1
   80 0000004C 00000000        DCD              TIMER2_IRQHandler ; 19: Timer2
   81 00000050 00000000        DCD              TIMER3_IRQHandler ; 20: Timer3
   82 00000054 00000000        DCD              UART0_IRQHandler ; 21: UART0
   83 00000058 00000000        DCD              UART1_IRQHandler ; 22: UART1
   84 0000005C 00000000        DCD              UART2_IRQHandler ; 23: UART2
   85 00000060 00000000        DCD              UART3_IRQHandler ; 24: UART3
   86 00000064 00000000        DCD              PWM1_IRQHandler ; 25: PWM1



ARM Macro Assembler    Page 3 


   87 00000068 00000000        DCD              I2C0_IRQHandler ; 26: I2C0
   88 0000006C 00000000        DCD              I2C1_IRQHandler ; 27: I2C1
   89 00000070 00000000        DCD              I2C2_IRQHandler ; 28: I2C2
   90 00000074 00000000        DCD              SPI_IRQHandler ; 29: SPI
   91 00000078 00000000        DCD              SSP0_IRQHandler ; 30: SSP0
   92 0000007C 00000000        DCD              SSP1_IRQHandler ; 31: SSP1
   93 00000080 00000000        DCD              PLL0_IRQHandler ; 32: PLL0 Lock
                                                             (Main PLL)
   94 00000084 00000000        DCD              RTC_IRQHandler ; 33: Real Time 
                                                            Clock
   95 00000088 00000000        DCD              EINT0_IRQHandler ; 34: External
                                                             Interrupt 0
   96 0000008C 00000000        DCD              EINT1_IRQHandler ; 35: External
                                                             Interrupt 1
   97 00000090 00000000        DCD              EINT2_IRQHandler ; 36: External
                                                             Interrupt 2
   98 00000094 00000000        DCD              EINT3_IRQHandler ; 37: External
                                                             Interrupt 3
   99 00000098 00000000        DCD              ADC_IRQHandler 
                                                            ; 38: A/D Converter
                                                            
  100 0000009C 00000000        DCD              BOD_IRQHandler ; 39: Brown-Out 
                                                            Detect
  101 000000A0 00000000        DCD              USB_IRQHandler ; 40: USB
  102 000000A4 00000000        DCD              CAN_IRQHandler ; 41: CAN
  103 000000A8 00000000        DCD              DMA_IRQHandler ; 42: General Pu
                                                            rpose DMA
  104 000000AC 00000000        DCD              I2S_IRQHandler ; 43: I2S
  105 000000B0 00000000        DCD              ENET_IRQHandler ; 44: Ethernet
  106 000000B4 00000000        DCD              RIT_IRQHandler ; 45: Repetitive
                                                             Interrupt Timer
  107 000000B8 00000000        DCD              MCPWM_IRQHandler ; 46: Motor Co
                                                            ntrol PWM
  108 000000BC 00000000        DCD              QEI_IRQHandler ; 47: Quadrature
                                                             Encoder Interface
  109 000000C0 00000000        DCD              PLL1_IRQHandler ; 48: PLL1 Lock
                                                             (USB PLL)
  110 000000C4 00000000        DCD              USBActivity_IRQHandler ; 49: US
                                                            B Activity interrup
                                                            t to wakeup
  111 000000C8 00000000        DCD              CANActivity_IRQHandler ; 50: CA
                                                            N Activity interrup
                                                            t to wakeup
  112 000000CC         
  113 000000CC         
  114 000000CC                 AREA             |.data_ro|, DATA, READONLY
  115 00000000                 EXPORT           Ciphertext
  116 00000000                 EXPORT           Ciphertext_len
  117 00000000         
  118 00000000 50 42 4F 
              41 45 4F 
              58 44 4B 
              58 4E 59 
              53 56 4D 
              59 42 43 
              59 4E 53 
              4B 42 4D 
              52 53 44 
              4F 44 44 



ARM Macro Assembler    Page 4 


              45 42    Ciphertext
                               DCB              "PBOAEOXDKXNYSVMYBCYNSKBMRSDODD
EB"
  119 00000020 4F 4F 43 
              53 43 44 
              4F 57 53 
              4E 53 4F 
              56 4B 4C 
              59 42 4B 
              4A 53 59 
              58 4F 52 
              59 4D 4B 
              5A 53 44 
              59 4D            DCB              "OOCSCDOWSNSOVKLYBKJSYXORYMKZSD
YM"
  120 00000040 52 4F 53 
              56 4D 53 
              50 42 4B 
              42 53 59 
              4E 53 4D 
              4F 43 4B 
              42 4F 43 
              53 42 59 
              57 5A 4F 
              50 4B 4D 
              53 56            DCB              "ROSVMSPBKBSYNSMOCKBOCSBYWZOPKM
SV"
  121 00000060 57 4F 58 
              44 4F 5A 
              4F 42 41 
              45 4F 43 
              44 59 57 
              59 44 53 
              46 59 4F 
              46 53 44 
              4F 42 59 
              4E 53 45 
              43 4B            DCB              "WOXDOZOBAEOCDYWYDSFYOFSDOBYNSE
CK"
  122 00000080 42 56 59 
              5A 4F 42 
              5A 42 59 
              44 4F 51 
              51 4F 42 
              4F 53 57 
              53 4F 53 
              4E 4B 44 
              53 43 4F 
              58 43 53 
              4C 53            DCB              "BVYZOBZBYDOQQOBOSWSOSNKDSCOXCS
LS"
  123 000000A0 56 53           DCB              "VS"
  124 000000A2 00      Ciphertext_len
                               DCB              0x0
  125 000000A3         
  126 000000A3                 AREA             |.data_rw|, DATA, READWRITE
  127 00000000         _sof_rw_area
  128 00000000 00 00 00 
              00 00 00 



ARM Macro Assembler    Page 5 


              00 00 00 
              00 00 00 
              00 00 00 
              00 00 00 
              00 00 00 
              00 00 00 
              00 00    Count_array
                               space            0x1a
  129 0000001A 00 00 00 
              00 00 00 
              00 00 00 
              00 00 00 
              00 00 00 
              00 00 00 
              00 00 00 
              00 00 00 
              00 00 00 
              00 00 00 
              00 00 00 
              00 00 00 
              00 00 00 
              00 00 00 
              00 00 00 
              00 00 00 
              00 00 00 
              00 00 00 
              00 00 00 
              00 00 00 
              00 00 00 
              00 00 00 
              00 00 00 
              00 00 00 
              00 00 00 
              00 00 00 
              00 00 00 
              00 00 00 
              00 00 00 
              00 00 00 
              00 00 00 
              00 00 00 
              00 00 00 
              00 00 00 
              00 00 00 
              00 00 00 
              00 00 00 
              00 00 00 
              00 00 00 
              00 00 00 
              00 00 00 
              00 00 00 
              00 00 00 
              00 00 00 
              00 00 00 
              00 00 00 
              00 00 00 
              00 00 00 
              00 00 00 
              00 00 00 
              00 00 00 



ARM Macro Assembler    Page 6 


              00 00 00 
              00 00 00 
              00 00 00 Decodedtext
                               space            Ciphertext_len-Ciphertext
  130 000000BC 00              space            0x1
  131 000000BD         _eof_rw_area
  132 000000BD         
  133 000000BD                 IF               :LNOT::DEF:NO_CRP
  134 000000BD                 AREA             |.ARM.__at_0x02FC|, CODE, READO
NLY
  135 00000000 FFFFFFFF 
                       CRP_Key DCD              0xFFFFFFFF
  136 00000004                 ENDIF
  137 00000004         
  138 00000004         ; Reset Handler
  139 00000004         
  140 00000004         Reset_Handler
                               PROC
  141 00000004                 EXPORT           Reset_Handler             [WEAK
]
  142 00000004         
  143 00000004         ; START OF CLEAR RW DATA MEMORY
  144 00000004 F04F 0100       mov              r1, #0x0
  145 00000008 4A23            ldr              r2, =_eof_rw_area
  146 0000000A 4824            ldr              r0, =_sof_rw_area
  147 0000000C 4290    loop_clear
                               cmp              r0, r2
  148 0000000E BF18 F800 
              1B01             strbne           r1, [r0], #1
  149 00000014 D1FA            bne              loop_clear
  150 00000016         
  151 00000016 F04F 0000       mov              r0, #0x0
  152 0000001A F04F 0100       mov              r1, #0x0
  153 0000001E F04F 0200       mov              r2, #0x0
  154 00000022         ; END OF CLEAR RW DATA MEMORY
  155 00000022         
  156 00000022 F7FF FFFE       bl               __main
  157 00000026 E7FE            b                .
  158 00000028         
  159 00000028                 ENDP
  160 00000028         
  161 00000028         
  162 00000028         __main  PROC
  163 00000028         
  164 00000028 481D            ldr              r0, =Ciphertext
  165 0000002A 4A1E            ldr              r2, =Count_array
  166 0000002C 4614            mov              r4, r2
  167 0000002E F04F 0500       mov              r5, #0x0
  168 00000032         
  169 00000032 F810 1B01 
                       loop    ldrb             r1, [r0], #1
  170 00000036 2900            cmp              r1, #0x0
  171 00000038 D00D            beq              end_loop
  172 0000003A         
  173 0000003A F001 011F       and              r1, #0x1f
  174 0000003E F1A1 0101       sub              r1, #0x1
  175 00000042 4411            add              r1, r2
  176 00000044         
  177 00000044 780B            ldrb             r3, [r1]



ARM Macro Assembler    Page 7 


  178 00000046 F103 0301       add              r3, #0x1
  179 0000004A 700B            strb             r3, [r1]
  180 0000004C         
  181 0000004C 42AB            cmp              r3, r5
  182 0000004E BFC4 460C       movgt            r4, r1
  183 00000052 461D            movgt            r5, r3
  184 00000054         
  185 00000054 E7ED            b                loop
  186 00000056         
  187 00000056        0 
                       KEY     RN               r0
  188 00000056 EBA4 0002 
                       end_loop
                               sub              KEY, r4, r2
  189 0000005A F100 0041       add              KEY, #0x41
  190 0000005E         
  191 0000005E 3845            subs             KEY, #0x45
  192 00000060 BF44 43C0       mvnmi            KEY, KEY
  193 00000064 3001            addmi            KEY, #0x1
  194 00000066         
  195 00000066 4A0E            ldr              r2, =Ciphertext
  196 00000068 490F            ldr              r1, =Decodedtext
  197 0000006A         
  198 0000006A F812 3B01 
                       loop_decoding
                               ldrb             r3, [r2], #1
  199 0000006E 2B00            cmp              r3, #0x00
  200 00000070 D007            beq              end_decoding
  201 00000072         
  202 00000072 EBA3 0300       sub              r3, KEY
  203 00000076 2B41            cmp              r3, #0x41
  204 00000078 BFB8 331A       addlt            r3, #0x1a
  205 0000007C         
  206 0000007C F801 3B01       strb             r3, [r1], #1
  207 00000080 E7F3            b                loop_decoding
  208 00000082         
  209 00000082         
  210 00000082 4770    end_decoding
                               bx               lr
  211 00000084         
  212 00000084                 ENDP
  213 00000084         
  214 00000084         
  215 00000084         ; Dummy Exception Handlers (infinite loops which can be 
                       modified)
  216 00000084         
  217 00000084         NMI_Handler
                               PROC
  218 00000084                 EXPORT           NMI_Handler               [WEAK
]
  219 00000084 E7FE            B                .
  220 00000086                 ENDP
  222 00000086         HardFault_Handler
                               PROC
  223 00000086                 EXPORT           HardFault_Handler         [WEAK
]
  224 00000086 E7FE            B                .
  225 00000088                 ENDP
  227 00000088         MemManage_Handler



ARM Macro Assembler    Page 8 


                               PROC
  228 00000088                 EXPORT           MemManage_Handler         [WEAK
]
  229 00000088 E7FE            B                .
  230 0000008A                 ENDP
  232 0000008A         BusFault_Handler
                               PROC
  233 0000008A                 EXPORT           BusFault_Handler          [WEAK
]
  234 0000008A E7FE            B                .
  235 0000008C                 ENDP
  237 0000008C         UsageFault_Handler
                               PROC
  238 0000008C                 EXPORT           UsageFault_Handler        [WEAK
]
  239 0000008C E7FE            B                .
  240 0000008E                 ENDP
  241 0000008E         SVC_Handler
                               PROC
  242 0000008E                 EXPORT           SVC_Handler               [WEAK
]
  243 0000008E E7FE            B                .
  244 00000090                 ENDP
  246 00000090         DebugMon_Handler
                               PROC
  247 00000090                 EXPORT           DebugMon_Handler          [WEAK
]
  248 00000090 E7FE            B                .
  249 00000092                 ENDP
  250 00000092         PendSV_Handler
                               PROC
  251 00000092                 EXPORT           PendSV_Handler            [WEAK
]
  252 00000092 E7FE            B                .
  253 00000094                 ENDP
  254 00000094         SysTick_Handler
                               PROC
  255 00000094                 EXPORT           SysTick_Handler           [WEAK
]
  256 00000094 E7FE            B                .
  257 00000096                 ENDP
  258 00000096         
  259 00000096         Default_Handler
                               PROC
  260 00000096         
  261 00000096                 EXPORT           WDT_IRQHandler            [WEAK
]
  262 00000096                 EXPORT           TIMER0_IRQHandler         [WEAK
]
  263 00000096                 EXPORT           TIMER1_IRQHandler         [WEAK
]
  264 00000096                 EXPORT           TIMER2_IRQHandler         [WEAK
]
  265 00000096                 EXPORT           TIMER3_IRQHandler         [WEAK
]
  266 00000096                 EXPORT           UART0_IRQHandler          [WEAK
]
  267 00000096                 EXPORT           UART1_IRQHandler          [WEAK
]



ARM Macro Assembler    Page 9 


  268 00000096                 EXPORT           UART2_IRQHandler          [WEAK
]
  269 00000096                 EXPORT           UART3_IRQHandler          [WEAK
]
  270 00000096                 EXPORT           PWM1_IRQHandler           [WEAK
]
  271 00000096                 EXPORT           I2C0_IRQHandler           [WEAK
]
  272 00000096                 EXPORT           I2C1_IRQHandler           [WEAK
]
  273 00000096                 EXPORT           I2C2_IRQHandler           [WEAK
]
  274 00000096                 EXPORT           SPI_IRQHandler            [WEAK
]
  275 00000096                 EXPORT           SSP0_IRQHandler           [WEAK
]
  276 00000096                 EXPORT           SSP1_IRQHandler           [WEAK
]
  277 00000096                 EXPORT           PLL0_IRQHandler           [WEAK
]
  278 00000096                 EXPORT           RTC_IRQHandler            [WEAK
]
  279 00000096                 EXPORT           EINT0_IRQHandler          [WEAK
]
  280 00000096                 EXPORT           EINT1_IRQHandler          [WEAK
]
  281 00000096                 EXPORT           EINT2_IRQHandler          [WEAK
]
  282 00000096                 EXPORT           EINT3_IRQHandler          [WEAK
]
  283 00000096                 EXPORT           ADC_IRQHandler            [WEAK
]
  284 00000096                 EXPORT           BOD_IRQHandler            [WEAK
]
  285 00000096                 EXPORT           USB_IRQHandler            [WEAK
]
  286 00000096                 EXPORT           CAN_IRQHandler            [WEAK
]
  287 00000096                 EXPORT           DMA_IRQHandler            [WEAK
]
  288 00000096                 EXPORT           I2S_IRQHandler            [WEAK
]
  289 00000096                 EXPORT           ENET_IRQHandler           [WEAK
]
  290 00000096                 EXPORT           RIT_IRQHandler            [WEAK
]
  291 00000096                 EXPORT           MCPWM_IRQHandler          [WEAK
]
  292 00000096                 EXPORT           QEI_IRQHandler            [WEAK
]
  293 00000096                 EXPORT           PLL1_IRQHandler           [WEAK
]
  294 00000096                 EXPORT           USBActivity_IRQHandler    [WEAK
]
  295 00000096                 EXPORT           CANActivity_IRQHandler    [WEAK
]
  296 00000096         
  297 00000096         WDT_IRQHandler
  298 00000096         TIMER0_IRQHandler



ARM Macro Assembler    Page 10 


  299 00000096         TIMER1_IRQHandler
  300 00000096         TIMER2_IRQHandler
  301 00000096         TIMER3_IRQHandler
  302 00000096         UART0_IRQHandler
  303 00000096         UART1_IRQHandler
  304 00000096         UART2_IRQHandler
  305 00000096         UART3_IRQHandler
  306 00000096         PWM1_IRQHandler
  307 00000096         I2C0_IRQHandler
  308 00000096         I2C1_IRQHandler
  309 00000096         I2C2_IRQHandler
  310 00000096         SPI_IRQHandler
  311 00000096         SSP0_IRQHandler
  312 00000096         SSP1_IRQHandler
  313 00000096         PLL0_IRQHandler
  314 00000096         RTC_IRQHandler
  315 00000096         EINT0_IRQHandler
  316 00000096         EINT1_IRQHandler
  317 00000096         EINT2_IRQHandler
  318 00000096         EINT3_IRQHandler
  319 00000096         ADC_IRQHandler
  320 00000096         BOD_IRQHandler
  321 00000096         USB_IRQHandler
  322 00000096         CAN_IRQHandler
  323 00000096         DMA_IRQHandler
  324 00000096         I2S_IRQHandler
  325 00000096         ENET_IRQHandler
  326 00000096         RIT_IRQHandler
  327 00000096         MCPWM_IRQHandler
  328 00000096         QEI_IRQHandler
  329 00000096         PLL1_IRQHandler
  330 00000096         USBActivity_IRQHandler
  331 00000096         CANActivity_IRQHandler
  332 00000096         
  333 00000096 E7FE            B                .
  334 00000098         
  335 00000098                 ENDP
  336 00000098         
  337 00000098         
  338 00000098                 ALIGN
  339 00000098         
  340 00000098         
  341 00000098         ; User Initial Stack & Heap
  342 00000098         
  343 00000098                 EXPORT           __initial_sp
  344 00000098                 EXPORT           __heap_base
  345 00000098                 EXPORT           __heap_limit
  346 00000098         
  347 00000098                 END
              00000000 
              00000000 
              00000000 
              00000000 
              00000000 
Command Line: --debug --xref --diag_suppress=9931 --cpu=Cortex-M3 --apcs=interw
ork --depend=.\startup.d -o.\startup.o -I.\RTE\_Target_1 -IC:\Users\gabri\AppDa
ta\Local\Arm\Packs\ARM\CMSIS\5.7.0\CMSIS\Core\Include -IC:\Users\gabri\AppData\
Local\Arm\Packs\Keil\LPC1700_DFP\2.6.0\Device\Include --predefine="__EVAL SETA 
1" --predefine="__UVISION_VERSION SETA 533" --predefine="_RTE_ SETA 1" --predef



ARM Macro Assembler    Page 11 


ine="LPC175x_6x SETA 1" --predefine="_RTE_ SETA 1" --list=.\startup.lst startup
.s



ARM Macro Assembler    Page 1 Alphabetic symbol ordering
Relocatable symbols

STACK 00000000

Symbol: STACK
   Definitions
      At line 33 in file startup.s
   Uses
      None
Comment: STACK unused
Stack_Mem 00000000

Symbol: Stack_Mem
   Definitions
      At line 34 in file startup.s
   Uses
      None
Comment: Stack_Mem unused
__initial_sp 00000200

Symbol: __initial_sp
   Definitions
      At line 35 in file startup.s
   Uses
      At line 59 in file startup.s
      At line 343 in file startup.s

3 symbols



ARM Macro Assembler    Page 1 Alphabetic symbol ordering
Relocatable symbols

HEAP 00000000

Symbol: HEAP
   Definitions
      At line 44 in file startup.s
   Uses
      None
Comment: HEAP unused
Heap_Mem 00000000

Symbol: Heap_Mem
   Definitions
      At line 46 in file startup.s
   Uses
      None
Comment: Heap_Mem unused
__heap_base 00000000

Symbol: __heap_base
   Definitions
      At line 45 in file startup.s
   Uses
      At line 344 in file startup.s
Comment: __heap_base used once
__heap_limit 00000000

Symbol: __heap_limit
   Definitions
      At line 47 in file startup.s
   Uses
      At line 345 in file startup.s
Comment: __heap_limit used once
4 symbols



ARM Macro Assembler    Page 1 Alphabetic symbol ordering
Relocatable symbols

RESET 00000000

Symbol: RESET
   Definitions
      At line 56 in file startup.s
   Uses
      None
Comment: RESET unused
__Vectors 00000000

Symbol: __Vectors
   Definitions
      At line 59 in file startup.s
   Uses
      At line 57 in file startup.s
Comment: __Vectors used once
2 symbols



ARM Macro Assembler    Page 1 Alphabetic symbol ordering
Relocatable symbols

.data_ro 00000000

Symbol: .data_ro
   Definitions
      At line 114 in file startup.s
   Uses
      None
Comment: .data_ro unused
Ciphertext 00000000

Symbol: Ciphertext
   Definitions
      At line 118 in file startup.s
   Uses
      At line 115 in file startup.s
      At line 129 in file startup.s
      At line 164 in file startup.s
      At line 195 in file startup.s

Ciphertext_len 000000A2

Symbol: Ciphertext_len
   Definitions
      At line 124 in file startup.s
   Uses
      At line 116 in file startup.s
      At line 129 in file startup.s

3 symbols



ARM Macro Assembler    Page 1 Alphabetic symbol ordering
Relocatable symbols

.data_rw 00000000

Symbol: .data_rw
   Definitions
      At line 126 in file startup.s
   Uses
      None
Comment: .data_rw unused
Count_array 00000000

Symbol: Count_array
   Definitions
      At line 128 in file startup.s
   Uses
      At line 165 in file startup.s
Comment: Count_array used once
Decodedtext 0000001A

Symbol: Decodedtext
   Definitions
      At line 129 in file startup.s
   Uses
      At line 196 in file startup.s
Comment: Decodedtext used once
_eof_rw_area 000000BD

Symbol: _eof_rw_area
   Definitions
      At line 131 in file startup.s
   Uses
      At line 145 in file startup.s
Comment: _eof_rw_area used once
_sof_rw_area 00000000

Symbol: _sof_rw_area
   Definitions
      At line 127 in file startup.s
   Uses
      At line 146 in file startup.s
Comment: _sof_rw_area used once
5 symbols



ARM Macro Assembler    Page 1 Alphabetic symbol ordering
Relocatable symbols

.ARM.__at_0x02FC 00000000

Symbol: .ARM.__at_0x02FC
   Definitions
      At line 134 in file startup.s
   Uses
      None
Comment: .ARM.__at_0x02FC unused
ADC_IRQHandler 00000096

Symbol: ADC_IRQHandler
   Definitions
      At line 319 in file startup.s
   Uses
      At line 99 in file startup.s
      At line 283 in file startup.s

BOD_IRQHandler 00000096

Symbol: BOD_IRQHandler
   Definitions
      At line 320 in file startup.s
   Uses
      At line 100 in file startup.s
      At line 284 in file startup.s

BusFault_Handler 0000008A

Symbol: BusFault_Handler
   Definitions
      At line 232 in file startup.s
   Uses
      At line 64 in file startup.s
      At line 233 in file startup.s

CANActivity_IRQHandler 00000096

Symbol: CANActivity_IRQHandler
   Definitions
      At line 331 in file startup.s
   Uses
      At line 111 in file startup.s
      At line 295 in file startup.s

CAN_IRQHandler 00000096

Symbol: CAN_IRQHandler
   Definitions
      At line 322 in file startup.s
   Uses
      At line 102 in file startup.s
      At line 286 in file startup.s

CRP_Key 00000000

Symbol: CRP_Key
   Definitions
      At line 135 in file startup.s
   Uses



ARM Macro Assembler    Page 2 Alphabetic symbol ordering
Relocatable symbols

      None
Comment: CRP_Key unused
DMA_IRQHandler 00000096

Symbol: DMA_IRQHandler
   Definitions
      At line 323 in file startup.s
   Uses
      At line 103 in file startup.s
      At line 287 in file startup.s

DebugMon_Handler 00000090

Symbol: DebugMon_Handler
   Definitions
      At line 246 in file startup.s
   Uses
      At line 71 in file startup.s
      At line 247 in file startup.s

Default_Handler 00000096

Symbol: Default_Handler
   Definitions
      At line 259 in file startup.s
   Uses
      None
Comment: Default_Handler unused
EINT0_IRQHandler 00000096

Symbol: EINT0_IRQHandler
   Definitions
      At line 315 in file startup.s
   Uses
      At line 95 in file startup.s
      At line 279 in file startup.s

EINT1_IRQHandler 00000096

Symbol: EINT1_IRQHandler
   Definitions
      At line 316 in file startup.s
   Uses
      At line 96 in file startup.s
      At line 280 in file startup.s

EINT2_IRQHandler 00000096

Symbol: EINT2_IRQHandler
   Definitions
      At line 317 in file startup.s
   Uses
      At line 97 in file startup.s
      At line 281 in file startup.s

EINT3_IRQHandler 00000096

Symbol: EINT3_IRQHandler
   Definitions



ARM Macro Assembler    Page 3 Alphabetic symbol ordering
Relocatable symbols

      At line 318 in file startup.s
   Uses
      At line 98 in file startup.s
      At line 282 in file startup.s

ENET_IRQHandler 00000096

Symbol: ENET_IRQHandler
   Definitions
      At line 325 in file startup.s
   Uses
      At line 105 in file startup.s
      At line 289 in file startup.s

HardFault_Handler 00000086

Symbol: HardFault_Handler
   Definitions
      At line 222 in file startup.s
   Uses
      At line 62 in file startup.s
      At line 223 in file startup.s

I2C0_IRQHandler 00000096

Symbol: I2C0_IRQHandler
   Definitions
      At line 307 in file startup.s
   Uses
      At line 87 in file startup.s
      At line 271 in file startup.s

I2C1_IRQHandler 00000096

Symbol: I2C1_IRQHandler
   Definitions
      At line 308 in file startup.s
   Uses
      At line 88 in file startup.s
      At line 272 in file startup.s

I2C2_IRQHandler 00000096

Symbol: I2C2_IRQHandler
   Definitions
      At line 309 in file startup.s
   Uses
      At line 89 in file startup.s
      At line 273 in file startup.s

I2S_IRQHandler 00000096

Symbol: I2S_IRQHandler
   Definitions
      At line 324 in file startup.s
   Uses
      At line 104 in file startup.s
      At line 288 in file startup.s




ARM Macro Assembler    Page 4 Alphabetic symbol ordering
Relocatable symbols

MCPWM_IRQHandler 00000096

Symbol: MCPWM_IRQHandler
   Definitions
      At line 327 in file startup.s
   Uses
      At line 107 in file startup.s
      At line 291 in file startup.s

MemManage_Handler 00000088

Symbol: MemManage_Handler
   Definitions
      At line 227 in file startup.s
   Uses
      At line 63 in file startup.s
      At line 228 in file startup.s

NMI_Handler 00000084

Symbol: NMI_Handler
   Definitions
      At line 217 in file startup.s
   Uses
      At line 61 in file startup.s
      At line 218 in file startup.s

PLL0_IRQHandler 00000096

Symbol: PLL0_IRQHandler
   Definitions
      At line 313 in file startup.s
   Uses
      At line 93 in file startup.s
      At line 277 in file startup.s

PLL1_IRQHandler 00000096

Symbol: PLL1_IRQHandler
   Definitions
      At line 329 in file startup.s
   Uses
      At line 109 in file startup.s
      At line 293 in file startup.s

PWM1_IRQHandler 00000096

Symbol: PWM1_IRQHandler
   Definitions
      At line 306 in file startup.s
   Uses
      At line 86 in file startup.s
      At line 270 in file startup.s

PendSV_Handler 00000092

Symbol: PendSV_Handler
   Definitions
      At line 250 in file startup.s



ARM Macro Assembler    Page 5 Alphabetic symbol ordering
Relocatable symbols

   Uses
      At line 73 in file startup.s
      At line 251 in file startup.s

QEI_IRQHandler 00000096

Symbol: QEI_IRQHandler
   Definitions
      At line 328 in file startup.s
   Uses
      At line 108 in file startup.s
      At line 292 in file startup.s

RIT_IRQHandler 00000096

Symbol: RIT_IRQHandler
   Definitions
      At line 326 in file startup.s
   Uses
      At line 106 in file startup.s
      At line 290 in file startup.s

RTC_IRQHandler 00000096

Symbol: RTC_IRQHandler
   Definitions
      At line 314 in file startup.s
   Uses
      At line 94 in file startup.s
      At line 278 in file startup.s

Reset_Handler 00000004

Symbol: Reset_Handler
   Definitions
      At line 140 in file startup.s
   Uses
      At line 60 in file startup.s
      At line 141 in file startup.s

SPI_IRQHandler 00000096

Symbol: SPI_IRQHandler
   Definitions
      At line 310 in file startup.s
   Uses
      At line 90 in file startup.s
      At line 274 in file startup.s

SSP0_IRQHandler 00000096

Symbol: SSP0_IRQHandler
   Definitions
      At line 311 in file startup.s
   Uses
      At line 91 in file startup.s
      At line 275 in file startup.s

SSP1_IRQHandler 00000096



ARM Macro Assembler    Page 6 Alphabetic symbol ordering
Relocatable symbols


Symbol: SSP1_IRQHandler
   Definitions
      At line 312 in file startup.s
   Uses
      At line 92 in file startup.s
      At line 276 in file startup.s

SVC_Handler 0000008E

Symbol: SVC_Handler
   Definitions
      At line 241 in file startup.s
   Uses
      At line 70 in file startup.s
      At line 242 in file startup.s

SysTick_Handler 00000094

Symbol: SysTick_Handler
   Definitions
      At line 254 in file startup.s
   Uses
      At line 74 in file startup.s
      At line 255 in file startup.s

TIMER0_IRQHandler 00000096

Symbol: TIMER0_IRQHandler
   Definitions
      At line 298 in file startup.s
   Uses
      At line 78 in file startup.s
      At line 262 in file startup.s

TIMER1_IRQHandler 00000096

Symbol: TIMER1_IRQHandler
   Definitions
      At line 299 in file startup.s
   Uses
      At line 79 in file startup.s
      At line 263 in file startup.s

TIMER2_IRQHandler 00000096

Symbol: TIMER2_IRQHandler
   Definitions
      At line 300 in file startup.s
   Uses
      At line 80 in file startup.s
      At line 264 in file startup.s

TIMER3_IRQHandler 00000096

Symbol: TIMER3_IRQHandler
   Definitions
      At line 301 in file startup.s
   Uses



ARM Macro Assembler    Page 7 Alphabetic symbol ordering
Relocatable symbols

      At line 81 in file startup.s
      At line 265 in file startup.s

UART0_IRQHandler 00000096

Symbol: UART0_IRQHandler
   Definitions
      At line 302 in file startup.s
   Uses
      At line 82 in file startup.s
      At line 266 in file startup.s

UART1_IRQHandler 00000096

Symbol: UART1_IRQHandler
   Definitions
      At line 303 in file startup.s
   Uses
      At line 83 in file startup.s
      At line 267 in file startup.s

UART2_IRQHandler 00000096

Symbol: UART2_IRQHandler
   Definitions
      At line 304 in file startup.s
   Uses
      At line 84 in file startup.s
      At line 268 in file startup.s

UART3_IRQHandler 00000096

Symbol: UART3_IRQHandler
   Definitions
      At line 305 in file startup.s
   Uses
      At line 85 in file startup.s
      At line 269 in file startup.s

USBActivity_IRQHandler 00000096

Symbol: USBActivity_IRQHandler
   Definitions
      At line 330 in file startup.s
   Uses
      At line 110 in file startup.s
      At line 294 in file startup.s

USB_IRQHandler 00000096

Symbol: USB_IRQHandler
   Definitions
      At line 321 in file startup.s
   Uses
      At line 101 in file startup.s
      At line 285 in file startup.s

UsageFault_Handler 0000008C




ARM Macro Assembler    Page 8 Alphabetic symbol ordering
Relocatable symbols

Symbol: UsageFault_Handler
   Definitions
      At line 237 in file startup.s
   Uses
      At line 65 in file startup.s
      At line 238 in file startup.s

WDT_IRQHandler 00000096

Symbol: WDT_IRQHandler
   Definitions
      At line 297 in file startup.s
   Uses
      At line 77 in file startup.s
      At line 261 in file startup.s

__main 00000028

Symbol: __main
   Definitions
      At line 162 in file startup.s
   Uses
      At line 156 in file startup.s
Comment: __main used once
end_decoding 00000082

Symbol: end_decoding
   Definitions
      At line 210 in file startup.s
   Uses
      At line 200 in file startup.s
Comment: end_decoding used once
end_loop 00000056

Symbol: end_loop
   Definitions
      At line 188 in file startup.s
   Uses
      At line 171 in file startup.s
Comment: end_loop used once
loop 00000032

Symbol: loop
   Definitions
      At line 169 in file startup.s
   Uses
      At line 185 in file startup.s
Comment: loop used once
loop_clear 0000000C

Symbol: loop_clear
   Definitions
      At line 147 in file startup.s
   Uses
      At line 149 in file startup.s
Comment: loop_clear used once
loop_decoding 0000006A

Symbol: loop_decoding



ARM Macro Assembler    Page 9 Alphabetic symbol ordering
Relocatable symbols

   Definitions
      At line 198 in file startup.s
   Uses
      At line 207 in file startup.s
Comment: loop_decoding used once
54 symbols



ARM Macro Assembler    Page 1 Alphabetic symbol ordering
Absolute symbols

Heap_Size 00000000

Symbol: Heap_Size
   Definitions
      At line 42 in file startup.s
   Uses
      At line 46 in file startup.s
Comment: Heap_Size used once
Stack_Size 00000200

Symbol: Stack_Size
   Definitions
      At line 31 in file startup.s
   Uses
      At line 34 in file startup.s
Comment: Stack_Size used once
2 symbols
412 symbols in table
