


ARM Macro Assembler    Page 1 


    1 00000000         ;/******************************************************
                       ********************//**
    2 00000000         ; * @file     startup_LPC17xx.s
    3 00000000         ; * @brief    CMSIS Cortex-M3 Core Device Startup File f
                       or
    4 00000000         ; *           NXP LPC17xx Device Series
    5 00000000         ; * @version  V1.10
    6 00000000         ; * @date     06. April 2011
    7 00000000         ; *
    8 00000000         ; * @note
    9 00000000         ; * Copyright (C) 2009-2011 ARM Limited. All rights rese
                       rved.
   10 00000000         ; *
   11 00000000         ; * @par
   12 00000000         ; * ARM Limited (ARM) is supplying this software for use
                        with Cortex-M
   13 00000000         ; * processor based microcontrollers.  This file can be 
                       freely distributed
   14 00000000         ; * within development tools that are supporting such AR
                       M based processors.
   15 00000000         ; *
   16 00000000         ; * @par
   17 00000000         ; * THIS SOFTWARE IS PROVIDED "AS IS".  NO WARRANTIES, W
                       HETHER EXPRESS, IMPLIED
   18 00000000         ; * OR STATUTORY, INCLUDING, BUT NOT LIMITED TO, IMPLIED
                        WARRANTIES OF
   19 00000000         ; * MERCHANTABILITY AND FITNESS FOR A PARTICULAR PURPOSE
                        APPLY TO THIS SOFTWARE.
   20 00000000         ; * ARM SHALL NOT, IN ANY CIRCUMSTANCES, BE LIABLE FOR S
                       PECIAL, INCIDENTAL, OR
   21 00000000         ; * CONSEQUENTIAL DAMAGES, FOR ANY REASON WHATSOEVER.
   22 00000000         ; *
   23 00000000         ; ******************************************************
                       ************************/
   24 00000000         
   25 00000000         ; *------- <<< Use Configuration Wizard in Context Menu 
                       >>> ------------------
   26 00000000         
   27 00000000         ; <h> Stack Configuration
   28 00000000         ;   <o> Stack Size (in Bytes) <0x0-0xFFFFFFFF:8>
   29 00000000         ; </h>
   30 00000000         
   31 00000000 00000200 
                       Stack_Size
                               EQU              0x00000200
   32 00000000         
   33 00000000                 AREA             STACK, NOINIT, READWRITE, ALIGN
=3
   34 00000000         Stack_Mem
                               SPACE            Stack_Size
   35 00000200         __initial_sp
   36 00000200         
   37 00000200         
   38 00000200         ; <h> Heap Configuration
   39 00000200         ;   <o>  Heap Size (in Bytes) <0x0-0xFFFFFFFF:8>
   40 00000200         ; </h>
   41 00000200         
   42 00000200 00000000 
                       Heap_Size



ARM Macro Assembler    Page 2 


                               EQU              0x00000000
   43 00000200         
   44 00000200                 AREA             HEAP, NOINIT, READWRITE, ALIGN=
3
   45 00000000         __heap_base
   46 00000000         Heap_Mem
                               SPACE            Heap_Size
   47 00000000         __heap_limit
   48 00000000         
   49 00000000         
   50 00000000                 PRESERVE8
   51 00000000                 THUMB
   52 00000000         
   53 00000000         
   54 00000000         ; Vector Table Mapped to Address 0 at Reset
   55 00000000         
   56 00000000                 AREA             RESET, DATA, READONLY
   57 00000000                 EXPORT           __Vectors
   58 00000000         
   59 00000000 00000000 
                       __Vectors
                               DCD              __initial_sp ; Top of Stack
   60 00000004 00000000        DCD              Reset_Handler ; Reset Handler
   61 00000008 00000000        DCD              NMI_Handler ; NMI Handler
   62 0000000C 00000000        DCD              HardFault_Handler ; Hard Fault 
                                                            Handler
   63 00000010 00000000        DCD              MemManage_Handler 
                                                            ; MPU Fault Handler
                                                            
   64 00000014 00000000        DCD              BusFault_Handler 
                                                            ; Bus Fault Handler
                                                            
   65 00000018 00000000        DCD              UsageFault_Handler ; Usage Faul
                                                            t Handler
   66 0000001C 00000000        DCD              0           ; Reserved
   67 00000020 00000000        DCD              0           ; Reserved
   68 00000024 00000000        DCD              0           ; Reserved
   69 00000028 00000000        DCD              0           ; Reserved
   70 0000002C 00000000        DCD              SVC_Handler ; SVCall Handler
   71 00000030 00000000        DCD              DebugMon_Handler ; Debug Monito
                                                            r Handler
   72 00000034 00000000        DCD              0           ; Reserved
   73 00000038 00000000        DCD              PendSV_Handler ; PendSV Handler
                                                            
   74 0000003C 00000000        DCD              SysTick_Handler 
                                                            ; SysTick Handler
   75 00000040         
   76 00000040         ; External Interrupts
   77 00000040 00000000        DCD              WDT_IRQHandler ; 16: Watchdog T
                                                            imer
   78 00000044 00000000        DCD              TIMER0_IRQHandler ; 17: Timer0
   79 00000048 00000000        DCD              TIMER1_IRQHandler ; 18: Timer1
   80 0000004C 00000000        DCD              TIMER2_IRQHandler ; 19: Timer2
   81 00000050 00000000        DCD              TIMER3_IRQHandler ; 20: Timer3
   82 00000054 00000000        DCD              UART0_IRQHandler ; 21: UART0
   83 00000058 00000000        DCD              UART1_IRQHandler ; 22: UART1
   84 0000005C 00000000        DCD              UART2_IRQHandler ; 23: UART2
   85 00000060 00000000        DCD              UART3_IRQHandler ; 24: UART3
   86 00000064 00000000        DCD              PWM1_IRQHandler ; 25: PWM1



ARM Macro Assembler    Page 3 


   87 00000068 00000000        DCD              I2C0_IRQHandler ; 26: I2C0
   88 0000006C 00000000        DCD              I2C1_IRQHandler ; 27: I2C1
   89 00000070 00000000        DCD              I2C2_IRQHandler ; 28: I2C2
   90 00000074 00000000        DCD              SPI_IRQHandler ; 29: SPI
   91 00000078 00000000        DCD              SSP0_IRQHandler ; 30: SSP0
   92 0000007C 00000000        DCD              SSP1_IRQHandler ; 31: SSP1
   93 00000080 00000000        DCD              PLL0_IRQHandler ; 32: PLL0 Lock
                                                             (Main PLL)
   94 00000084 00000000        DCD              RTC_IRQHandler ; 33: Real Time 
                                                            Clock
   95 00000088 00000000        DCD              EINT0_IRQHandler ; 34: External
                                                             Interrupt 0
   96 0000008C 00000000        DCD              EINT1_IRQHandler ; 35: External
                                                             Interrupt 1
   97 00000090 00000000        DCD              EINT2_IRQHandler ; 36: External
                                                             Interrupt 2
   98 00000094 00000000        DCD              EINT3_IRQHandler ; 37: External
                                                             Interrupt 3
   99 00000098 00000000        DCD              ADC_IRQHandler 
                                                            ; 38: A/D Converter
                                                            
  100 0000009C 00000000        DCD              BOD_IRQHandler ; 39: Brown-Out 
                                                            Detect
  101 000000A0 00000000        DCD              USB_IRQHandler ; 40: USB
  102 000000A4 00000000        DCD              CAN_IRQHandler ; 41: CAN
  103 000000A8 00000000        DCD              DMA_IRQHandler ; 42: General Pu
                                                            rpose DMA
  104 000000AC 00000000        DCD              I2S_IRQHandler ; 43: I2S
  105 000000B0 00000000        DCD              ENET_IRQHandler ; 44: Ethernet
  106 000000B4 00000000        DCD              RIT_IRQHandler ; 45: Repetitive
                                                             Interrupt Timer
  107 000000B8 00000000        DCD              MCPWM_IRQHandler ; 46: Motor Co
                                                            ntrol PWM
  108 000000BC 00000000        DCD              QEI_IRQHandler ; 47: Quadrature
                                                             Encoder Interface
  109 000000C0 00000000        DCD              PLL1_IRQHandler ; 48: PLL1 Lock
                                                             (USB PLL)
  110 000000C4 00000000        DCD              USBActivity_IRQHandler ; 49: US
                                                            B Activity interrup
                                                            t to wakeup
  111 000000C8 00000000        DCD              CANActivity_IRQHandler ; 50: CA
                                                            N Activity interrup
                                                            t to wakeup
  112 000000CC         
  113 000000CC         
  114 000000CC                 IF               :LNOT::DEF:NO_CRP
  115 000000CC                 AREA             |.ARM.__at_0x02FC|, CODE, READO
NLY
  116 00000000 FFFFFFFF 
                       CRP_Key DCD              0xFFFFFFFF
  117 00000004                 ENDIF
  118 00000004         
  119 00000004         
  120 00000004                 AREA             |.text|, CODE, READONLY
  121 00000000         
  122 00000000         
  123 00000000         ; Reset Handler
  124 00000000         
  125 00000000         Reset_Handler



ARM Macro Assembler    Page 4 


                               PROC
  126 00000000                 EXPORT           Reset_Handler             [WEAK
]
  127 00000000                 IMPORT           __main
  128 00000000 4818            LDR              R0, =Reset_Handler
  129 00000002         
  130 00000002         ; your code here  
  131 00000002 F7FF FFFE       bl               __main
  132 00000006         
  133 00000006 4700            BX               R0
  134 00000008                 ENDP
  135 00000008         
  136 00000008         variance
                               PROC
  137 00000008                 EXPORT           variance
  138 00000008 B5F0            stmfd            sp!, {r4-r7, lr}
  139 0000000A         
  140 0000000A F04F 0400       mov              r4, #0x0    ; sum
  141 0000000E 4605            mov              r5, r0      ; array address
  142 00000010 000F            movs             r7, r1
  143 00000012         
  144 00000012 BF08 F64F 
              70FF             moveq            r0, #0xffff
  145 00000018 D00C            beq              out         ; exit if n=0
  146 0000001A         
  147 0000001A F7FF FFFE       bl               mean        ; r0 = mean
  148 0000001E         
  149 0000001E F855 6B04 
                       loop_v  ldr              r6, [r5], #0x4
  150 00000022 EBA6 0600       sub              r6, r0
  151 00000026 FB06 F606       mul              r6, r6
  152 0000002A 4434            add              r4, r6
  153 0000002C         
  154 0000002C 3F01            subs             r7, #0x1
  155 0000002E D1F6            bne              loop_v
  156 00000030         
  157 00000030 FBB4 F0F1       udiv             r0, r4, r1
  158 00000034         
  159 00000034 BDF0    out     ldmfd            sp!, {r4-r7, pc}
  160 00000036                 ENDP
  161 00000036         
  162 00000036         mean    PROC
  163 00000036 B570            stmfd            sp!, {r4-r6, lr}
  164 00000038         
  165 00000038 F04F 0400       mov              r4, #0x0
  166 0000003C 000E            movs             r6, r1
  167 0000003E         
  168 0000003E F850 5B04 
                       loop    ldr              r5, [r0], #0x4
  169 00000042 442C            add              r4, r5
  170 00000044         
  171 00000044 3E01            subs             r6, #0x1
  172 00000046 D1FA            bne              loop
  173 00000048         
  174 00000048 FBB4 F0F1       udiv             r0, r4, r1
  175 0000004C         
  176 0000004C BD70            ldmfd            sp!, {r4-r6, pc}
  177 0000004E                 ENDP
  178 0000004E         



ARM Macro Assembler    Page 5 


  179 0000004E         ; Dummy Exception Handlers (infinite loops which can be 
                       modified)
  180 0000004E         
  181 0000004E         NMI_Handler
                               PROC
  182 0000004E                 EXPORT           NMI_Handler               [WEAK
]
  183 0000004E E7FE            B                .
  184 00000050                 ENDP
  186 00000050         HardFault_Handler
                               PROC
  187 00000050                 EXPORT           HardFault_Handler         [WEAK
]
  188 00000050 E7FE            B                .
  189 00000052                 ENDP
  191 00000052         MemManage_Handler
                               PROC
  192 00000052                 EXPORT           MemManage_Handler         [WEAK
]
  193 00000052 E7FE            B                .
  194 00000054                 ENDP
  196 00000054         BusFault_Handler
                               PROC
  197 00000054                 EXPORT           BusFault_Handler          [WEAK
]
  198 00000054 E7FE            B                .
  199 00000056                 ENDP
  201 00000056         UsageFault_Handler
                               PROC
  202 00000056                 EXPORT           UsageFault_Handler        [WEAK
]
  203 00000056 E7FE            B                .
  204 00000058                 ENDP
  205 00000058         SVC_Handler
                               PROC
  206 00000058                 EXPORT           SVC_Handler               [WEAK
]
  207 00000058 E7FE            B                .
  208 0000005A                 ENDP
  210 0000005A         DebugMon_Handler
                               PROC
  211 0000005A                 EXPORT           DebugMon_Handler          [WEAK
]
  212 0000005A E7FE            B                .
  213 0000005C                 ENDP
  214 0000005C         PendSV_Handler
                               PROC
  215 0000005C                 EXPORT           PendSV_Handler            [WEAK
]
  216 0000005C E7FE            B                .
  217 0000005E                 ENDP
  218 0000005E         SysTick_Handler
                               PROC
  219 0000005E                 EXPORT           SysTick_Handler           [WEAK
]
  220 0000005E E7FE            B                .
  221 00000060                 ENDP
  222 00000060         
  223 00000060         Default_Handler



ARM Macro Assembler    Page 6 


                               PROC
  224 00000060         
  225 00000060                 EXPORT           WDT_IRQHandler            [WEAK
]
  226 00000060                 EXPORT           TIMER0_IRQHandler         [WEAK
]
  227 00000060                 EXPORT           TIMER1_IRQHandler         [WEAK
]
  228 00000060                 EXPORT           TIMER2_IRQHandler         [WEAK
]
  229 00000060                 EXPORT           TIMER3_IRQHandler         [WEAK
]
  230 00000060                 EXPORT           UART0_IRQHandler          [WEAK
]
  231 00000060                 EXPORT           UART1_IRQHandler          [WEAK
]
  232 00000060                 EXPORT           UART2_IRQHandler          [WEAK
]
  233 00000060                 EXPORT           UART3_IRQHandler          [WEAK
]
  234 00000060                 EXPORT           PWM1_IRQHandler           [WEAK
]
  235 00000060                 EXPORT           I2C0_IRQHandler           [WEAK
]
  236 00000060                 EXPORT           I2C1_IRQHandler           [WEAK
]
  237 00000060                 EXPORT           I2C2_IRQHandler           [WEAK
]
  238 00000060                 EXPORT           SPI_IRQHandler            [WEAK
]
  239 00000060                 EXPORT           SSP0_IRQHandler           [WEAK
]
  240 00000060                 EXPORT           SSP1_IRQHandler           [WEAK
]
  241 00000060                 EXPORT           PLL0_IRQHandler           [WEAK
]
  242 00000060                 EXPORT           RTC_IRQHandler            [WEAK
]
  243 00000060                 EXPORT           EINT0_IRQHandler          [WEAK
]
  244 00000060                 EXPORT           EINT1_IRQHandler          [WEAK
]
  245 00000060                 EXPORT           EINT2_IRQHandler          [WEAK
]
  246 00000060                 EXPORT           EINT3_IRQHandler          [WEAK
]
  247 00000060                 EXPORT           ADC_IRQHandler            [WEAK
]
  248 00000060                 EXPORT           BOD_IRQHandler            [WEAK
]
  249 00000060                 EXPORT           USB_IRQHandler            [WEAK
]
  250 00000060                 EXPORT           CAN_IRQHandler            [WEAK
]
  251 00000060                 EXPORT           DMA_IRQHandler            [WEAK
]
  252 00000060                 EXPORT           I2S_IRQHandler            [WEAK
]
  253 00000060                 EXPORT           ENET_IRQHandler           [WEAK



ARM Macro Assembler    Page 7 


]
  254 00000060                 EXPORT           RIT_IRQHandler            [WEAK
]
  255 00000060                 EXPORT           MCPWM_IRQHandler          [WEAK
]
  256 00000060                 EXPORT           QEI_IRQHandler            [WEAK
]
  257 00000060                 EXPORT           PLL1_IRQHandler           [WEAK
]
  258 00000060                 EXPORT           USBActivity_IRQHandler    [WEAK
]
  259 00000060                 EXPORT           CANActivity_IRQHandler    [WEAK
]
  260 00000060         
  261 00000060         WDT_IRQHandler
  262 00000060         TIMER0_IRQHandler
  263 00000060         TIMER1_IRQHandler
  264 00000060         TIMER2_IRQHandler
  265 00000060         TIMER3_IRQHandler
  266 00000060         UART0_IRQHandler
  267 00000060         UART1_IRQHandler
  268 00000060         UART2_IRQHandler
  269 00000060         UART3_IRQHandler
  270 00000060         PWM1_IRQHandler
  271 00000060         I2C0_IRQHandler
  272 00000060         I2C1_IRQHandler
  273 00000060         I2C2_IRQHandler
  274 00000060         SPI_IRQHandler
  275 00000060         SSP0_IRQHandler
  276 00000060         SSP1_IRQHandler
  277 00000060         PLL0_IRQHandler
  278 00000060         RTC_IRQHandler
  279 00000060         EINT0_IRQHandler
  280 00000060         EINT1_IRQHandler
  281 00000060         EINT2_IRQHandler
  282 00000060         EINT3_IRQHandler
  283 00000060         ADC_IRQHandler
  284 00000060         BOD_IRQHandler
  285 00000060         USB_IRQHandler
  286 00000060         CAN_IRQHandler
  287 00000060         DMA_IRQHandler
  288 00000060         I2S_IRQHandler
  289 00000060         ENET_IRQHandler
  290 00000060         RIT_IRQHandler
  291 00000060         MCPWM_IRQHandler
  292 00000060         QEI_IRQHandler
  293 00000060         PLL1_IRQHandler
  294 00000060         USBActivity_IRQHandler
  295 00000060         CANActivity_IRQHandler
  296 00000060         
  297 00000060 E7FE            B                .
  298 00000062         
  299 00000062                 ENDP
  300 00000062         
  301 00000062         
  302 00000062 00 00           ALIGN
  303 00000064         
  304 00000064         
  305 00000064         ; User Initial Stack & Heap



ARM Macro Assembler    Page 8 


  306 00000064         
  307 00000064                 EXPORT           __initial_sp
  308 00000064                 EXPORT           __heap_base
  309 00000064                 EXPORT           __heap_limit
  310 00000064         
  311 00000064                 END
              00000000 
Command Line: --debug --xref --diag_suppress=9931 --cpu=Cortex-M3 --apcs=interw
ork --depend=.\startup.d -o.\startup.o -I.\RTE\_Target_1 -IC:\Users\gabri\AppDa
ta\Local\Arm\Packs\ARM\CMSIS\5.7.0\CMSIS\Core\Include -IC:\Users\gabri\AppData\
Local\Arm\Packs\Keil\LPC1700_DFP\2.6.0\Device\Include --predefine="__EVAL SETA 
1" --predefine="__UVISION_VERSION SETA 533" --predefine="_RTE_ SETA 1" --predef
ine="LPC175x_6x SETA 1" --predefine="_RTE_ SETA 1" --list=.\startup.lst startup
.s



ARM Macro Assembler    Page 1 Alphabetic symbol ordering
Relocatable symbols

STACK 00000000

Symbol: STACK
   Definitions
      At line 33 in file startup.s
   Uses
      None
Comment: STACK unused
Stack_Mem 00000000

Symbol: Stack_Mem
   Definitions
      At line 34 in file startup.s
   Uses
      None
Comment: Stack_Mem unused
__initial_sp 00000200

Symbol: __initial_sp
   Definitions
      At line 35 in file startup.s
   Uses
      At line 59 in file startup.s
      At line 307 in file startup.s

3 symbols



ARM Macro Assembler    Page 1 Alphabetic symbol ordering
Relocatable symbols

HEAP 00000000

Symbol: HEAP
   Definitions
      At line 44 in file startup.s
   Uses
      None
Comment: HEAP unused
Heap_Mem 00000000

Symbol: Heap_Mem
   Definitions
      At line 46 in file startup.s
   Uses
      None
Comment: Heap_Mem unused
__heap_base 00000000

Symbol: __heap_base
   Definitions
      At line 45 in file startup.s
   Uses
      At line 308 in file startup.s
Comment: __heap_base used once
__heap_limit 00000000

Symbol: __heap_limit
   Definitions
      At line 47 in file startup.s
   Uses
      At line 309 in file startup.s
Comment: __heap_limit used once
4 symbols



ARM Macro Assembler    Page 1 Alphabetic symbol ordering
Relocatable symbols

RESET 00000000

Symbol: RESET
   Definitions
      At line 56 in file startup.s
   Uses
      None
Comment: RESET unused
__Vectors 00000000

Symbol: __Vectors
   Definitions
      At line 59 in file startup.s
   Uses
      At line 57 in file startup.s
Comment: __Vectors used once
2 symbols



ARM Macro Assembler    Page 1 Alphabetic symbol ordering
Relocatable symbols

.ARM.__at_0x02FC 00000000

Symbol: .ARM.__at_0x02FC
   Definitions
      At line 115 in file startup.s
   Uses
      None
Comment: .ARM.__at_0x02FC unused
CRP_Key 00000000

Symbol: CRP_Key
   Definitions
      At line 116 in file startup.s
   Uses
      None
Comment: CRP_Key unused
2 symbols



ARM Macro Assembler    Page 1 Alphabetic symbol ordering
Relocatable symbols

.text 00000000

Symbol: .text
   Definitions
      At line 120 in file startup.s
   Uses
      None
Comment: .text unused
ADC_IRQHandler 00000060

Symbol: ADC_IRQHandler
   Definitions
      At line 283 in file startup.s
   Uses
      At line 99 in file startup.s
      At line 247 in file startup.s

BOD_IRQHandler 00000060

Symbol: BOD_IRQHandler
   Definitions
      At line 284 in file startup.s
   Uses
      At line 100 in file startup.s
      At line 248 in file startup.s

BusFault_Handler 00000054

Symbol: BusFault_Handler
   Definitions
      At line 196 in file startup.s
   Uses
      At line 64 in file startup.s
      At line 197 in file startup.s

CANActivity_IRQHandler 00000060

Symbol: CANActivity_IRQHandler
   Definitions
      At line 295 in file startup.s
   Uses
      At line 111 in file startup.s
      At line 259 in file startup.s

CAN_IRQHandler 00000060

Symbol: CAN_IRQHandler
   Definitions
      At line 286 in file startup.s
   Uses
      At line 102 in file startup.s
      At line 250 in file startup.s

DMA_IRQHandler 00000060

Symbol: DMA_IRQHandler
   Definitions
      At line 287 in file startup.s
   Uses



ARM Macro Assembler    Page 2 Alphabetic symbol ordering
Relocatable symbols

      At line 103 in file startup.s
      At line 251 in file startup.s

DebugMon_Handler 0000005A

Symbol: DebugMon_Handler
   Definitions
      At line 210 in file startup.s
   Uses
      At line 71 in file startup.s
      At line 211 in file startup.s

Default_Handler 00000060

Symbol: Default_Handler
   Definitions
      At line 223 in file startup.s
   Uses
      None
Comment: Default_Handler unused
EINT0_IRQHandler 00000060

Symbol: EINT0_IRQHandler
   Definitions
      At line 279 in file startup.s
   Uses
      At line 95 in file startup.s
      At line 243 in file startup.s

EINT1_IRQHandler 00000060

Symbol: EINT1_IRQHandler
   Definitions
      At line 280 in file startup.s
   Uses
      At line 96 in file startup.s
      At line 244 in file startup.s

EINT2_IRQHandler 00000060

Symbol: EINT2_IRQHandler
   Definitions
      At line 281 in file startup.s
   Uses
      At line 97 in file startup.s
      At line 245 in file startup.s

EINT3_IRQHandler 00000060

Symbol: EINT3_IRQHandler
   Definitions
      At line 282 in file startup.s
   Uses
      At line 98 in file startup.s
      At line 246 in file startup.s

ENET_IRQHandler 00000060

Symbol: ENET_IRQHandler



ARM Macro Assembler    Page 3 Alphabetic symbol ordering
Relocatable symbols

   Definitions
      At line 289 in file startup.s
   Uses
      At line 105 in file startup.s
      At line 253 in file startup.s

HardFault_Handler 00000050

Symbol: HardFault_Handler
   Definitions
      At line 186 in file startup.s
   Uses
      At line 62 in file startup.s
      At line 187 in file startup.s

I2C0_IRQHandler 00000060

Symbol: I2C0_IRQHandler
   Definitions
      At line 271 in file startup.s
   Uses
      At line 87 in file startup.s
      At line 235 in file startup.s

I2C1_IRQHandler 00000060

Symbol: I2C1_IRQHandler
   Definitions
      At line 272 in file startup.s
   Uses
      At line 88 in file startup.s
      At line 236 in file startup.s

I2C2_IRQHandler 00000060

Symbol: I2C2_IRQHandler
   Definitions
      At line 273 in file startup.s
   Uses
      At line 89 in file startup.s
      At line 237 in file startup.s

I2S_IRQHandler 00000060

Symbol: I2S_IRQHandler
   Definitions
      At line 288 in file startup.s
   Uses
      At line 104 in file startup.s
      At line 252 in file startup.s

MCPWM_IRQHandler 00000060

Symbol: MCPWM_IRQHandler
   Definitions
      At line 291 in file startup.s
   Uses
      At line 107 in file startup.s
      At line 255 in file startup.s



ARM Macro Assembler    Page 4 Alphabetic symbol ordering
Relocatable symbols


MemManage_Handler 00000052

Symbol: MemManage_Handler
   Definitions
      At line 191 in file startup.s
   Uses
      At line 63 in file startup.s
      At line 192 in file startup.s

NMI_Handler 0000004E

Symbol: NMI_Handler
   Definitions
      At line 181 in file startup.s
   Uses
      At line 61 in file startup.s
      At line 182 in file startup.s

PLL0_IRQHandler 00000060

Symbol: PLL0_IRQHandler
   Definitions
      At line 277 in file startup.s
   Uses
      At line 93 in file startup.s
      At line 241 in file startup.s

PLL1_IRQHandler 00000060

Symbol: PLL1_IRQHandler
   Definitions
      At line 293 in file startup.s
   Uses
      At line 109 in file startup.s
      At line 257 in file startup.s

PWM1_IRQHandler 00000060

Symbol: PWM1_IRQHandler
   Definitions
      At line 270 in file startup.s
   Uses
      At line 86 in file startup.s
      At line 234 in file startup.s

PendSV_Handler 0000005C

Symbol: PendSV_Handler
   Definitions
      At line 214 in file startup.s
   Uses
      At line 73 in file startup.s
      At line 215 in file startup.s

QEI_IRQHandler 00000060

Symbol: QEI_IRQHandler
   Definitions



ARM Macro Assembler    Page 5 Alphabetic symbol ordering
Relocatable symbols

      At line 292 in file startup.s
   Uses
      At line 108 in file startup.s
      At line 256 in file startup.s

RIT_IRQHandler 00000060

Symbol: RIT_IRQHandler
   Definitions
      At line 290 in file startup.s
   Uses
      At line 106 in file startup.s
      At line 254 in file startup.s

RTC_IRQHandler 00000060

Symbol: RTC_IRQHandler
   Definitions
      At line 278 in file startup.s
   Uses
      At line 94 in file startup.s
      At line 242 in file startup.s

Reset_Handler 00000000

Symbol: Reset_Handler
   Definitions
      At line 125 in file startup.s
   Uses
      At line 60 in file startup.s
      At line 126 in file startup.s
      At line 128 in file startup.s

SPI_IRQHandler 00000060

Symbol: SPI_IRQHandler
   Definitions
      At line 274 in file startup.s
   Uses
      At line 90 in file startup.s
      At line 238 in file startup.s

SSP0_IRQHandler 00000060

Symbol: SSP0_IRQHandler
   Definitions
      At line 275 in file startup.s
   Uses
      At line 91 in file startup.s
      At line 239 in file startup.s

SSP1_IRQHandler 00000060

Symbol: SSP1_IRQHandler
   Definitions
      At line 276 in file startup.s
   Uses
      At line 92 in file startup.s
      At line 240 in file startup.s



ARM Macro Assembler    Page 6 Alphabetic symbol ordering
Relocatable symbols


SVC_Handler 00000058

Symbol: SVC_Handler
   Definitions
      At line 205 in file startup.s
   Uses
      At line 70 in file startup.s
      At line 206 in file startup.s

SysTick_Handler 0000005E

Symbol: SysTick_Handler
   Definitions
      At line 218 in file startup.s
   Uses
      At line 74 in file startup.s
      At line 219 in file startup.s

TIMER0_IRQHandler 00000060

Symbol: TIMER0_IRQHandler
   Definitions
      At line 262 in file startup.s
   Uses
      At line 78 in file startup.s
      At line 226 in file startup.s

TIMER1_IRQHandler 00000060

Symbol: TIMER1_IRQHandler
   Definitions
      At line 263 in file startup.s
   Uses
      At line 79 in file startup.s
      At line 227 in file startup.s

TIMER2_IRQHandler 00000060

Symbol: TIMER2_IRQHandler
   Definitions
      At line 264 in file startup.s
   Uses
      At line 80 in file startup.s
      At line 228 in file startup.s

TIMER3_IRQHandler 00000060

Symbol: TIMER3_IRQHandler
   Definitions
      At line 265 in file startup.s
   Uses
      At line 81 in file startup.s
      At line 229 in file startup.s

UART0_IRQHandler 00000060

Symbol: UART0_IRQHandler
   Definitions



ARM Macro Assembler    Page 7 Alphabetic symbol ordering
Relocatable symbols

      At line 266 in file startup.s
   Uses
      At line 82 in file startup.s
      At line 230 in file startup.s

UART1_IRQHandler 00000060

Symbol: UART1_IRQHandler
   Definitions
      At line 267 in file startup.s
   Uses
      At line 83 in file startup.s
      At line 231 in file startup.s

UART2_IRQHandler 00000060

Symbol: UART2_IRQHandler
   Definitions
      At line 268 in file startup.s
   Uses
      At line 84 in file startup.s
      At line 232 in file startup.s

UART3_IRQHandler 00000060

Symbol: UART3_IRQHandler
   Definitions
      At line 269 in file startup.s
   Uses
      At line 85 in file startup.s
      At line 233 in file startup.s

USBActivity_IRQHandler 00000060

Symbol: USBActivity_IRQHandler
   Definitions
      At line 294 in file startup.s
   Uses
      At line 110 in file startup.s
      At line 258 in file startup.s

USB_IRQHandler 00000060

Symbol: USB_IRQHandler
   Definitions
      At line 285 in file startup.s
   Uses
      At line 101 in file startup.s
      At line 249 in file startup.s

UsageFault_Handler 00000056

Symbol: UsageFault_Handler
   Definitions
      At line 201 in file startup.s
   Uses
      At line 65 in file startup.s
      At line 202 in file startup.s




ARM Macro Assembler    Page 8 Alphabetic symbol ordering
Relocatable symbols

WDT_IRQHandler 00000060

Symbol: WDT_IRQHandler
   Definitions
      At line 261 in file startup.s
   Uses
      At line 77 in file startup.s
      At line 225 in file startup.s

loop 0000003E

Symbol: loop
   Definitions
      At line 168 in file startup.s
   Uses
      At line 172 in file startup.s
Comment: loop used once
loop_v 0000001E

Symbol: loop_v
   Definitions
      At line 149 in file startup.s
   Uses
      At line 155 in file startup.s
Comment: loop_v used once
mean 00000036

Symbol: mean
   Definitions
      At line 162 in file startup.s
   Uses
      At line 147 in file startup.s
Comment: mean used once
out 00000034

Symbol: out
   Definitions
      At line 159 in file startup.s
   Uses
      At line 145 in file startup.s
Comment: out used once
variance 00000008

Symbol: variance
   Definitions
      At line 136 in file startup.s
   Uses
      At line 137 in file startup.s
Comment: variance used once
52 symbols



ARM Macro Assembler    Page 1 Alphabetic symbol ordering
Absolute symbols

Heap_Size 00000000

Symbol: Heap_Size
   Definitions
      At line 42 in file startup.s
   Uses
      At line 46 in file startup.s
Comment: Heap_Size used once
Stack_Size 00000200

Symbol: Stack_Size
   Definitions
      At line 31 in file startup.s
   Uses
      At line 34 in file startup.s
Comment: Stack_Size used once
2 symbols



ARM Macro Assembler    Page 1 Alphabetic symbol ordering
External symbols

__main 00000000

Symbol: __main
   Definitions
      At line 127 in file startup.s
   Uses
      At line 131 in file startup.s
Comment: __main used once
1 symbol
404 symbols in table
