


ARM Macro Assembler    Page 1 


    1 00000000         ;/******************************************************
                       ********************//**
    2 00000000         ; * @file     startup_LPC17xx.s
    3 00000000         ; * @brief    CMSIS Cortex-M3 Core Device Startup File f
                       or
    4 00000000         ; *           NXP LPC17xx Device Series
    5 00000000         ; * @version  V1.10
    6 00000000         ; * @date     06. April 2011
    7 00000000         ; *
    8 00000000         ; * @note
    9 00000000         ; * Copyright (C) 2009-2011 ARM Limited. All rights rese
                       rved.
   10 00000000         ; *
   11 00000000         ; * @par
   12 00000000         ; * ARM Limited (ARM) is supplying this software for use
                        with Cortex-M
   13 00000000         ; * processor based microcontrollers.  This file can be 
                       freely distributed
   14 00000000         ; * within development tools that are supporting such AR
                       M based processors.
   15 00000000         ; *
   16 00000000         ; * @par
   17 00000000         ; * THIS SOFTWARE IS PROVIDED "AS IS".  NO WARRANTIES, W
                       HETHER EXPRESS, IMPLIED
   18 00000000         ; * OR STATUTORY, INCLUDING, BUT NOT LIMITED TO, IMPLIED
                        WARRANTIES OF
   19 00000000         ; * MERCHANTABILITY AND FITNESS FOR A PARTICULAR PURPOSE
                        APPLY TO THIS SOFTWARE.
   20 00000000         ; * ARM SHALL NOT, IN ANY CIRCUMSTANCES, BE LIABLE FOR S
                       PECIAL, INCIDENTAL, OR
   21 00000000         ; * CONSEQUENTIAL DAMAGES, FOR ANY REASON WHATSOEVER.
   22 00000000         ; *
   23 00000000         ; ******************************************************
                       ************************/
   24 00000000         
   25 00000000         ; *------- <<< Use Configuration Wizard in Context Menu 
                       >>> ------------------
   26 00000000         
   27 00000000         ; <h> Stack Configuration
   28 00000000         ;   <o> Stack Size (in Bytes) <0x0-0xFFFFFFFF:8>
   29 00000000         ; </h>
   30 00000000         
   31 00000000 00000200 
                       Stack_Size
                               EQU              0x00000200
   32 00000000         
   33 00000000                 AREA             STACK, NOINIT, READWRITE, ALIGN
=3
   34 00000000         Stack_Mem
                               SPACE            Stack_Size
   35 00000200         __initial_sp
   36 00000200         
   37 00000200         
   38 00000200         ; <h> Heap Configuration
   39 00000200         ;   <o>  Heap Size (in Bytes) <0x0-0xFFFFFFFF:8>
   40 00000200         ; </h>
   41 00000200         
   42 00000200 00000000 
                       Heap_Size



ARM Macro Assembler    Page 2 


                               EQU              0x00000000
   43 00000200         
   44 00000200                 AREA             HEAP, NOINIT, READWRITE, ALIGN=
3
   45 00000000         __heap_base
   46 00000000         Heap_Mem
                               SPACE            Heap_Size
   47 00000000         __heap_limit
   48 00000000         
   49 00000000         
   50 00000000                 PRESERVE8
   51 00000000                 THUMB
   52 00000000         
   53 00000000         
   54 00000000         ; Vector Table Mapped to Address 0 at Reset
   55 00000000         
   56 00000000                 AREA             RESET, DATA, READONLY
   57 00000000                 EXPORT           __Vectors
   58 00000000         
   59 00000000 00000000 
                       __Vectors
                               DCD              __initial_sp ; Top of Stack
   60 00000004 00000000        DCD              Reset_Handler ; Reset Handler
   61 00000008 00000000        DCD              NMI_Handler ; NMI Handler
   62 0000000C 00000000        DCD              HardFault_Handler ; Hard Fault 
                                                            Handler
   63 00000010 00000000        DCD              MemManage_Handler 
                                                            ; MPU Fault Handler
                                                            
   64 00000014 00000000        DCD              BusFault_Handler 
                                                            ; Bus Fault Handler
                                                            
   65 00000018 00000000        DCD              UsageFault_Handler ; Usage Faul
                                                            t Handler
   66 0000001C 00000000        DCD              0           ; Reserved
   67 00000020 00000000        DCD              0           ; Reserved
   68 00000024 00000000        DCD              0           ; Reserved
   69 00000028 00000000        DCD              0           ; Reserved
   70 0000002C 00000000        DCD              SVC_Handler ; SVCall Handler
   71 00000030 00000000        DCD              DebugMon_Handler ; Debug Monito
                                                            r Handler
   72 00000034 00000000        DCD              0           ; Reserved
   73 00000038 00000000        DCD              PendSV_Handler ; PendSV Handler
                                                            
   74 0000003C 00000000        DCD              SysTick_Handler 
                                                            ; SysTick Handler
   75 00000040         
   76 00000040         ; External Interrupts
   77 00000040 00000000        DCD              WDT_IRQHandler ; 16: Watchdog T
                                                            imer
   78 00000044 00000000        DCD              TIMER0_IRQHandler ; 17: Timer0
   79 00000048 00000000        DCD              TIMER1_IRQHandler ; 18: Timer1
   80 0000004C 00000000        DCD              TIMER2_IRQHandler ; 19: Timer2
   81 00000050 00000000        DCD              TIMER3_IRQHandler ; 20: Timer3
   82 00000054 00000000        DCD              UART0_IRQHandler ; 21: UART0
   83 00000058 00000000        DCD              UART1_IRQHandler ; 22: UART1
   84 0000005C 00000000        DCD              UART2_IRQHandler ; 23: UART2
   85 00000060 00000000        DCD              UART3_IRQHandler ; 24: UART3
   86 00000064 00000000        DCD              PWM1_IRQHandler ; 25: PWM1



ARM Macro Assembler    Page 3 


   87 00000068 00000000        DCD              I2C0_IRQHandler ; 26: I2C0
   88 0000006C 00000000        DCD              I2C1_IRQHandler ; 27: I2C1
   89 00000070 00000000        DCD              I2C2_IRQHandler ; 28: I2C2
   90 00000074 00000000        DCD              SPI_IRQHandler ; 29: SPI
   91 00000078 00000000        DCD              SSP0_IRQHandler ; 30: SSP0
   92 0000007C 00000000        DCD              SSP1_IRQHandler ; 31: SSP1
   93 00000080 00000000        DCD              PLL0_IRQHandler ; 32: PLL0 Lock
                                                             (Main PLL)
   94 00000084 00000000        DCD              RTC_IRQHandler ; 33: Real Time 
                                                            Clock
   95 00000088 00000000        DCD              EINT0_IRQHandler ; 34: External
                                                             Interrupt 0
   96 0000008C 00000000        DCD              EINT1_IRQHandler ; 35: External
                                                             Interrupt 1
   97 00000090 00000000        DCD              EINT2_IRQHandler ; 36: External
                                                             Interrupt 2
   98 00000094 00000000        DCD              EINT3_IRQHandler ; 37: External
                                                             Interrupt 3
   99 00000098 00000000        DCD              ADC_IRQHandler 
                                                            ; 38: A/D Converter
                                                            
  100 0000009C 00000000        DCD              BOD_IRQHandler ; 39: Brown-Out 
                                                            Detect
  101 000000A0 00000000        DCD              USB_IRQHandler ; 40: USB
  102 000000A4 00000000        DCD              CAN_IRQHandler ; 41: CAN
  103 000000A8 00000000        DCD              DMA_IRQHandler ; 42: General Pu
                                                            rpose DMA
  104 000000AC 00000000        DCD              I2S_IRQHandler ; 43: I2S
  105 000000B0 00000000        DCD              ENET_IRQHandler ; 44: Ethernet
  106 000000B4 00000000        DCD              RIT_IRQHandler ; 45: Repetitive
                                                             Interrupt Timer
  107 000000B8 00000000        DCD              MCPWM_IRQHandler ; 46: Motor Co
                                                            ntrol PWM
  108 000000BC 00000000        DCD              QEI_IRQHandler ; 47: Quadrature
                                                             Encoder Interface
  109 000000C0 00000000        DCD              PLL1_IRQHandler ; 48: PLL1 Lock
                                                             (USB PLL)
  110 000000C4 00000000        DCD              USBActivity_IRQHandler ; 49: US
                                                            B Activity interrup
                                                            t to wakeup
  111 000000C8 00000000        DCD              CANActivity_IRQHandler ; 50: CA
                                                            N Activity interrup
                                                            t to wakeup
  112 000000CC         
  113 000000CC         
  114 000000CC                 IF               :LNOT::DEF:NO_CRP
  115 000000CC                 AREA             |.ARM.__at_0x02FC|, CODE, READO
NLY
  116 00000000 FFFFFFFF 
                       CRP_Key DCD              0xFFFFFFFF
  117 00000004                 ENDIF
  118 00000004         
  119 00000004         
  120 00000004                 AREA             |.text|, CODE, READONLY
  121 00000000         
  122 00000000         
  123 00000000         ; Reset Handler
  124 00000000         
  125 00000000         Reset_Handler



ARM Macro Assembler    Page 4 


                               PROC
  126 00000000                 EXPORT           Reset_Handler             [WEAK
]
  127 00000000         
  128 00000000 F46F 4060       MOV              R0, #0xFFFF1FFF
  129 00000004 F04F 31AA       MOV              R1, #0xAAAAAAAA
  130 00000008         
  131 00000008 EA80 0201       EOR              R2, R0, R1  ; R2 = R0 ^ R1
  132 0000000C         ; I want to compute the bitwise diff
  133 0000000C         ; because an even number - odd one is odd
  134 0000000C         
  135 0000000C EA82 4212       EOR              R2, R2, LSR #0x10 
                                                            ; R2 ^= (R2 >> 16)
  136 00000010 EA82 2212       EOR              R2, R2, LSR #0x08 
                                                            ; R2 ^= (R2 >> 8)
  137 00000014 EA82 1212       EOR              R2, R2, LSR #0x04 
                                                            ; R2 ^= (R2 >> 4)
  138 00000018 EA82 0292       EOR              R2, R2, LSR #0x02 
                                                            ; R2 ^= (R2 >> 2)
  139 0000001C EA82 0252       EOR              R2, R2, LSR #0x01 
                                                            ; R2 ^= (R2 >> 1)
  140 00000020         
  141 00000020 F012 0201       ANDS             R2, #0x00000001 
                                                            ; if lsb = 1: odd
  142 00000024 BF06 F020 
              407F             ANDEQ            R0, R0, #0x00FFFFFF
  143 0000002A F040 00FF       ORREQ            R0, R0, #0x000000FF
  144 0000002E F3EF 8100       MRSNE            R1, APSR
  145 00000032         
  146 00000032                 ENDP
  147 00000032         
  148 00000032         ; Dummy Exception Handlers (infinite loops which can be 
                       modified)
  149 00000032         
  150 00000032         NMI_Handler
                               PROC
  151 00000032                 EXPORT           NMI_Handler               [WEAK
]
  152 00000032 E7FE            B                .
  153 00000034                 ENDP
  155 00000034         HardFault_Handler
                               PROC
  156 00000034                 EXPORT           HardFault_Handler         [WEAK
]
  157 00000034 E7FE            B                .
  158 00000036                 ENDP
  160 00000036         MemManage_Handler
                               PROC
  161 00000036                 EXPORT           MemManage_Handler         [WEAK
]
  162 00000036 E7FE            B                .
  163 00000038                 ENDP
  165 00000038         BusFault_Handler
                               PROC
  166 00000038                 EXPORT           BusFault_Handler          [WEAK
]
  167 00000038 E7FE            B                .
  168 0000003A                 ENDP
  170 0000003A         UsageFault_Handler



ARM Macro Assembler    Page 5 


                               PROC
  171 0000003A                 EXPORT           UsageFault_Handler        [WEAK
]
  172 0000003A E7FE            B                .
  173 0000003C                 ENDP
  174 0000003C         SVC_Handler
                               PROC
  175 0000003C                 EXPORT           SVC_Handler               [WEAK
]
  176 0000003C E7FE            B                .
  177 0000003E                 ENDP
  179 0000003E         DebugMon_Handler
                               PROC
  180 0000003E                 EXPORT           DebugMon_Handler          [WEAK
]
  181 0000003E E7FE            B                .
  182 00000040                 ENDP
  183 00000040         PendSV_Handler
                               PROC
  184 00000040                 EXPORT           PendSV_Handler            [WEAK
]
  185 00000040 E7FE            B                .
  186 00000042                 ENDP
  187 00000042         SysTick_Handler
                               PROC
  188 00000042                 EXPORT           SysTick_Handler           [WEAK
]
  189 00000042 E7FE            B                .
  190 00000044                 ENDP
  191 00000044         
  192 00000044         Default_Handler
                               PROC
  193 00000044         
  194 00000044                 EXPORT           WDT_IRQHandler            [WEAK
]
  195 00000044                 EXPORT           TIMER0_IRQHandler         [WEAK
]
  196 00000044                 EXPORT           TIMER1_IRQHandler         [WEAK
]
  197 00000044                 EXPORT           TIMER2_IRQHandler         [WEAK
]
  198 00000044                 EXPORT           TIMER3_IRQHandler         [WEAK
]
  199 00000044                 EXPORT           UART0_IRQHandler          [WEAK
]
  200 00000044                 EXPORT           UART1_IRQHandler          [WEAK
]
  201 00000044                 EXPORT           UART2_IRQHandler          [WEAK
]
  202 00000044                 EXPORT           UART3_IRQHandler          [WEAK
]
  203 00000044                 EXPORT           PWM1_IRQHandler           [WEAK
]
  204 00000044                 EXPORT           I2C0_IRQHandler           [WEAK
]
  205 00000044                 EXPORT           I2C1_IRQHandler           [WEAK
]
  206 00000044                 EXPORT           I2C2_IRQHandler           [WEAK
]



ARM Macro Assembler    Page 6 


  207 00000044                 EXPORT           SPI_IRQHandler            [WEAK
]
  208 00000044                 EXPORT           SSP0_IRQHandler           [WEAK
]
  209 00000044                 EXPORT           SSP1_IRQHandler           [WEAK
]
  210 00000044                 EXPORT           PLL0_IRQHandler           [WEAK
]
  211 00000044                 EXPORT           RTC_IRQHandler            [WEAK
]
  212 00000044                 EXPORT           EINT0_IRQHandler          [WEAK
]
  213 00000044                 EXPORT           EINT1_IRQHandler          [WEAK
]
  214 00000044                 EXPORT           EINT2_IRQHandler          [WEAK
]
  215 00000044                 EXPORT           EINT3_IRQHandler          [WEAK
]
  216 00000044                 EXPORT           ADC_IRQHandler            [WEAK
]
  217 00000044                 EXPORT           BOD_IRQHandler            [WEAK
]
  218 00000044                 EXPORT           USB_IRQHandler            [WEAK
]
  219 00000044                 EXPORT           CAN_IRQHandler            [WEAK
]
  220 00000044                 EXPORT           DMA_IRQHandler            [WEAK
]
  221 00000044                 EXPORT           I2S_IRQHandler            [WEAK
]
  222 00000044                 EXPORT           ENET_IRQHandler           [WEAK
]
  223 00000044                 EXPORT           RIT_IRQHandler            [WEAK
]
  224 00000044                 EXPORT           MCPWM_IRQHandler          [WEAK
]
  225 00000044                 EXPORT           QEI_IRQHandler            [WEAK
]
  226 00000044                 EXPORT           PLL1_IRQHandler           [WEAK
]
  227 00000044                 EXPORT           USBActivity_IRQHandler    [WEAK
]
  228 00000044                 EXPORT           CANActivity_IRQHandler    [WEAK
]
  229 00000044         
  230 00000044         WDT_IRQHandler
  231 00000044         TIMER0_IRQHandler
  232 00000044         TIMER1_IRQHandler
  233 00000044         TIMER2_IRQHandler
  234 00000044         TIMER3_IRQHandler
  235 00000044         UART0_IRQHandler
  236 00000044         UART1_IRQHandler
  237 00000044         UART2_IRQHandler
  238 00000044         UART3_IRQHandler
  239 00000044         PWM1_IRQHandler
  240 00000044         I2C0_IRQHandler
  241 00000044         I2C1_IRQHandler
  242 00000044         I2C2_IRQHandler
  243 00000044         SPI_IRQHandler



ARM Macro Assembler    Page 7 


  244 00000044         SSP0_IRQHandler
  245 00000044         SSP1_IRQHandler
  246 00000044         PLL0_IRQHandler
  247 00000044         RTC_IRQHandler
  248 00000044         EINT0_IRQHandler
  249 00000044         EINT1_IRQHandler
  250 00000044         EINT2_IRQHandler
  251 00000044         EINT3_IRQHandler
  252 00000044         ADC_IRQHandler
  253 00000044         BOD_IRQHandler
  254 00000044         USB_IRQHandler
  255 00000044         CAN_IRQHandler
  256 00000044         DMA_IRQHandler
  257 00000044         I2S_IRQHandler
  258 00000044         ENET_IRQHandler
  259 00000044         RIT_IRQHandler
  260 00000044         MCPWM_IRQHandler
  261 00000044         QEI_IRQHandler
  262 00000044         PLL1_IRQHandler
  263 00000044         USBActivity_IRQHandler
  264 00000044         CANActivity_IRQHandler
  265 00000044         
  266 00000044 E7FE            B                .
  267 00000046         
  268 00000046                 ENDP
  269 00000046         
  270 00000046         
  271 00000046 00 00           ALIGN
  272 00000048         
  273 00000048         
  274 00000048         ; User Initial Stack & Heap
  275 00000048         
  276 00000048                 EXPORT           __initial_sp
  277 00000048                 EXPORT           __heap_base
  278 00000048                 EXPORT           __heap_limit
  279 00000048         
  280 00000048                 END
Command Line: --debug --xref --diag_suppress=9931 --cpu=Cortex-M3 --apcs=interw
ork --depend=.\startup.d -o.\startup.o -I.\RTE\_Target_1 -IC:\Users\gabri\AppDa
ta\Local\Arm\Packs\ARM\CMSIS\5.7.0\CMSIS\Core\Include -IC:\Users\gabri\AppData\
Local\Arm\Packs\Keil\LPC1700_DFP\2.6.0\Device\Include --predefine="__EVAL SETA 
1" --predefine="__UVISION_VERSION SETA 533" --predefine="_RTE_ SETA 1" --predef
ine="LPC175x_6x SETA 1" --predefine="_RTE_ SETA 1" --list=.\startup.lst startup
.s



ARM Macro Assembler    Page 1 Alphabetic symbol ordering
Relocatable symbols

STACK 00000000

Symbol: STACK
   Definitions
      At line 33 in file startup.s
   Uses
      None
Comment: STACK unused
Stack_Mem 00000000

Symbol: Stack_Mem
   Definitions
      At line 34 in file startup.s
   Uses
      None
Comment: Stack_Mem unused
__initial_sp 00000200

Symbol: __initial_sp
   Definitions
      At line 35 in file startup.s
   Uses
      At line 59 in file startup.s
      At line 276 in file startup.s

3 symbols



ARM Macro Assembler    Page 1 Alphabetic symbol ordering
Relocatable symbols

HEAP 00000000

Symbol: HEAP
   Definitions
      At line 44 in file startup.s
   Uses
      None
Comment: HEAP unused
Heap_Mem 00000000

Symbol: Heap_Mem
   Definitions
      At line 46 in file startup.s
   Uses
      None
Comment: Heap_Mem unused
__heap_base 00000000

Symbol: __heap_base
   Definitions
      At line 45 in file startup.s
   Uses
      At line 277 in file startup.s
Comment: __heap_base used once
__heap_limit 00000000

Symbol: __heap_limit
   Definitions
      At line 47 in file startup.s
   Uses
      At line 278 in file startup.s
Comment: __heap_limit used once
4 symbols



ARM Macro Assembler    Page 1 Alphabetic symbol ordering
Relocatable symbols

RESET 00000000

Symbol: RESET
   Definitions
      At line 56 in file startup.s
   Uses
      None
Comment: RESET unused
__Vectors 00000000

Symbol: __Vectors
   Definitions
      At line 59 in file startup.s
   Uses
      At line 57 in file startup.s
Comment: __Vectors used once
2 symbols



ARM Macro Assembler    Page 1 Alphabetic symbol ordering
Relocatable symbols

.ARM.__at_0x02FC 00000000

Symbol: .ARM.__at_0x02FC
   Definitions
      At line 115 in file startup.s
   Uses
      None
Comment: .ARM.__at_0x02FC unused
CRP_Key 00000000

Symbol: CRP_Key
   Definitions
      At line 116 in file startup.s
   Uses
      None
Comment: CRP_Key unused
2 symbols



ARM Macro Assembler    Page 1 Alphabetic symbol ordering
Relocatable symbols

.text 00000000

Symbol: .text
   Definitions
      At line 120 in file startup.s
   Uses
      None
Comment: .text unused
ADC_IRQHandler 00000044

Symbol: ADC_IRQHandler
   Definitions
      At line 252 in file startup.s
   Uses
      At line 99 in file startup.s
      At line 216 in file startup.s

BOD_IRQHandler 00000044

Symbol: BOD_IRQHandler
   Definitions
      At line 253 in file startup.s
   Uses
      At line 100 in file startup.s
      At line 217 in file startup.s

BusFault_Handler 00000038

Symbol: BusFault_Handler
   Definitions
      At line 165 in file startup.s
   Uses
      At line 64 in file startup.s
      At line 166 in file startup.s

CANActivity_IRQHandler 00000044

Symbol: CANActivity_IRQHandler
   Definitions
      At line 264 in file startup.s
   Uses
      At line 111 in file startup.s
      At line 228 in file startup.s

CAN_IRQHandler 00000044

Symbol: CAN_IRQHandler
   Definitions
      At line 255 in file startup.s
   Uses
      At line 102 in file startup.s
      At line 219 in file startup.s

DMA_IRQHandler 00000044

Symbol: DMA_IRQHandler
   Definitions
      At line 256 in file startup.s
   Uses



ARM Macro Assembler    Page 2 Alphabetic symbol ordering
Relocatable symbols

      At line 103 in file startup.s
      At line 220 in file startup.s

DebugMon_Handler 0000003E

Symbol: DebugMon_Handler
   Definitions
      At line 179 in file startup.s
   Uses
      At line 71 in file startup.s
      At line 180 in file startup.s

Default_Handler 00000044

Symbol: Default_Handler
   Definitions
      At line 192 in file startup.s
   Uses
      None
Comment: Default_Handler unused
EINT0_IRQHandler 00000044

Symbol: EINT0_IRQHandler
   Definitions
      At line 248 in file startup.s
   Uses
      At line 95 in file startup.s
      At line 212 in file startup.s

EINT1_IRQHandler 00000044

Symbol: EINT1_IRQHandler
   Definitions
      At line 249 in file startup.s
   Uses
      At line 96 in file startup.s
      At line 213 in file startup.s

EINT2_IRQHandler 00000044

Symbol: EINT2_IRQHandler
   Definitions
      At line 250 in file startup.s
   Uses
      At line 97 in file startup.s
      At line 214 in file startup.s

EINT3_IRQHandler 00000044

Symbol: EINT3_IRQHandler
   Definitions
      At line 251 in file startup.s
   Uses
      At line 98 in file startup.s
      At line 215 in file startup.s

ENET_IRQHandler 00000044

Symbol: ENET_IRQHandler



ARM Macro Assembler    Page 3 Alphabetic symbol ordering
Relocatable symbols

   Definitions
      At line 258 in file startup.s
   Uses
      At line 105 in file startup.s
      At line 222 in file startup.s

HardFault_Handler 00000034

Symbol: HardFault_Handler
   Definitions
      At line 155 in file startup.s
   Uses
      At line 62 in file startup.s
      At line 156 in file startup.s

I2C0_IRQHandler 00000044

Symbol: I2C0_IRQHandler
   Definitions
      At line 240 in file startup.s
   Uses
      At line 87 in file startup.s
      At line 204 in file startup.s

I2C1_IRQHandler 00000044

Symbol: I2C1_IRQHandler
   Definitions
      At line 241 in file startup.s
   Uses
      At line 88 in file startup.s
      At line 205 in file startup.s

I2C2_IRQHandler 00000044

Symbol: I2C2_IRQHandler
   Definitions
      At line 242 in file startup.s
   Uses
      At line 89 in file startup.s
      At line 206 in file startup.s

I2S_IRQHandler 00000044

Symbol: I2S_IRQHandler
   Definitions
      At line 257 in file startup.s
   Uses
      At line 104 in file startup.s
      At line 221 in file startup.s

MCPWM_IRQHandler 00000044

Symbol: MCPWM_IRQHandler
   Definitions
      At line 260 in file startup.s
   Uses
      At line 107 in file startup.s
      At line 224 in file startup.s



ARM Macro Assembler    Page 4 Alphabetic symbol ordering
Relocatable symbols


MemManage_Handler 00000036

Symbol: MemManage_Handler
   Definitions
      At line 160 in file startup.s
   Uses
      At line 63 in file startup.s
      At line 161 in file startup.s

NMI_Handler 00000032

Symbol: NMI_Handler
   Definitions
      At line 150 in file startup.s
   Uses
      At line 61 in file startup.s
      At line 151 in file startup.s

PLL0_IRQHandler 00000044

Symbol: PLL0_IRQHandler
   Definitions
      At line 246 in file startup.s
   Uses
      At line 93 in file startup.s
      At line 210 in file startup.s

PLL1_IRQHandler 00000044

Symbol: PLL1_IRQHandler
   Definitions
      At line 262 in file startup.s
   Uses
      At line 109 in file startup.s
      At line 226 in file startup.s

PWM1_IRQHandler 00000044

Symbol: PWM1_IRQHandler
   Definitions
      At line 239 in file startup.s
   Uses
      At line 86 in file startup.s
      At line 203 in file startup.s

PendSV_Handler 00000040

Symbol: PendSV_Handler
   Definitions
      At line 183 in file startup.s
   Uses
      At line 73 in file startup.s
      At line 184 in file startup.s

QEI_IRQHandler 00000044

Symbol: QEI_IRQHandler
   Definitions



ARM Macro Assembler    Page 5 Alphabetic symbol ordering
Relocatable symbols

      At line 261 in file startup.s
   Uses
      At line 108 in file startup.s
      At line 225 in file startup.s

RIT_IRQHandler 00000044

Symbol: RIT_IRQHandler
   Definitions
      At line 259 in file startup.s
   Uses
      At line 106 in file startup.s
      At line 223 in file startup.s

RTC_IRQHandler 00000044

Symbol: RTC_IRQHandler
   Definitions
      At line 247 in file startup.s
   Uses
      At line 94 in file startup.s
      At line 211 in file startup.s

Reset_Handler 00000000

Symbol: Reset_Handler
   Definitions
      At line 125 in file startup.s
   Uses
      At line 60 in file startup.s
      At line 126 in file startup.s

SPI_IRQHandler 00000044

Symbol: SPI_IRQHandler
   Definitions
      At line 243 in file startup.s
   Uses
      At line 90 in file startup.s
      At line 207 in file startup.s

SSP0_IRQHandler 00000044

Symbol: SSP0_IRQHandler
   Definitions
      At line 244 in file startup.s
   Uses
      At line 91 in file startup.s
      At line 208 in file startup.s

SSP1_IRQHandler 00000044

Symbol: SSP1_IRQHandler
   Definitions
      At line 245 in file startup.s
   Uses
      At line 92 in file startup.s
      At line 209 in file startup.s




ARM Macro Assembler    Page 6 Alphabetic symbol ordering
Relocatable symbols

SVC_Handler 0000003C

Symbol: SVC_Handler
   Definitions
      At line 174 in file startup.s
   Uses
      At line 70 in file startup.s
      At line 175 in file startup.s

SysTick_Handler 00000042

Symbol: SysTick_Handler
   Definitions
      At line 187 in file startup.s
   Uses
      At line 74 in file startup.s
      At line 188 in file startup.s

TIMER0_IRQHandler 00000044

Symbol: TIMER0_IRQHandler
   Definitions
      At line 231 in file startup.s
   Uses
      At line 78 in file startup.s
      At line 195 in file startup.s

TIMER1_IRQHandler 00000044

Symbol: TIMER1_IRQHandler
   Definitions
      At line 232 in file startup.s
   Uses
      At line 79 in file startup.s
      At line 196 in file startup.s

TIMER2_IRQHandler 00000044

Symbol: TIMER2_IRQHandler
   Definitions
      At line 233 in file startup.s
   Uses
      At line 80 in file startup.s
      At line 197 in file startup.s

TIMER3_IRQHandler 00000044

Symbol: TIMER3_IRQHandler
   Definitions
      At line 234 in file startup.s
   Uses
      At line 81 in file startup.s
      At line 198 in file startup.s

UART0_IRQHandler 00000044

Symbol: UART0_IRQHandler
   Definitions
      At line 235 in file startup.s



ARM Macro Assembler    Page 7 Alphabetic symbol ordering
Relocatable symbols

   Uses
      At line 82 in file startup.s
      At line 199 in file startup.s

UART1_IRQHandler 00000044

Symbol: UART1_IRQHandler
   Definitions
      At line 236 in file startup.s
   Uses
      At line 83 in file startup.s
      At line 200 in file startup.s

UART2_IRQHandler 00000044

Symbol: UART2_IRQHandler
   Definitions
      At line 237 in file startup.s
   Uses
      At line 84 in file startup.s
      At line 201 in file startup.s

UART3_IRQHandler 00000044

Symbol: UART3_IRQHandler
   Definitions
      At line 238 in file startup.s
   Uses
      At line 85 in file startup.s
      At line 202 in file startup.s

USBActivity_IRQHandler 00000044

Symbol: USBActivity_IRQHandler
   Definitions
      At line 263 in file startup.s
   Uses
      At line 110 in file startup.s
      At line 227 in file startup.s

USB_IRQHandler 00000044

Symbol: USB_IRQHandler
   Definitions
      At line 254 in file startup.s
   Uses
      At line 101 in file startup.s
      At line 218 in file startup.s

UsageFault_Handler 0000003A

Symbol: UsageFault_Handler
   Definitions
      At line 170 in file startup.s
   Uses
      At line 65 in file startup.s
      At line 171 in file startup.s

WDT_IRQHandler 00000044



ARM Macro Assembler    Page 8 Alphabetic symbol ordering
Relocatable symbols


Symbol: WDT_IRQHandler
   Definitions
      At line 230 in file startup.s
   Uses
      At line 77 in file startup.s
      At line 194 in file startup.s

47 symbols



ARM Macro Assembler    Page 1 Alphabetic symbol ordering
Absolute symbols

Heap_Size 00000000

Symbol: Heap_Size
   Definitions
      At line 42 in file startup.s
   Uses
      At line 46 in file startup.s
Comment: Heap_Size used once
Stack_Size 00000200

Symbol: Stack_Size
   Definitions
      At line 31 in file startup.s
   Uses
      At line 34 in file startup.s
Comment: Stack_Size used once
2 symbols
396 symbols in table
